TN:
SF:/home/freiheit/git/ciao.systems/rite/base/plugins/common/src/console.rs
FN:19,ConsoleExporter::new
FN:27,ConsoleExporter::new_writer
FN:48,<impl Exporter for ConsoleExporter>::write
FN:88,<impl Initializable for ConsoleExporter>::init
FNF:4
FNDA:0,ConsoleExporter::new
FNDA:0,ConsoleExporter::new_writer
FNDA:0,<impl Exporter for ConsoleExporter>::write
FNDA:0,<impl Initializable for ConsoleExporter>::init
DA:19,0
DA:20,0
DA:21,0
DA:27,0
DA:48,0
DA:49,0
DA:52,0
DA:53,0
DA:55,0
DA:58,0
DA:59,0
DA:61,0
DA:65,0
DA:66,0
DA:69,0
DA:70,0
DA:71,0
DA:73,0
DA:75,0
DA:76,0
DA:77,0
DA:80,0
DA:88,0
DA:92,0
DA:93,0
DA:94,0
DA:96,0
DA:97,0
DA:99,0
DA:100,0
DA:102,0
DA:103,0
DA:106,0
LF:33
LH:0
end_of_record
TN:
SF:/home/freiheit/git/ciao.systems/rite/base/plugins/common/src/lib.rs
FN:11,create_transformer
FN:27,create_exporter
FNF:2
FNDA:0,create_transformer
FNDA:0,create_exporter
DA:11,0
DA:15,0
DA:16,0
DA:27,0
DA:31,0
DA:32,0
DA:33,0
LF:7
LH:0
end_of_record
TN:
SF:/home/freiheit/git/ciao.systems/rite/base/plugins/common/src/template/tera.rs
FN:4,record_to_tera_object
FN:15,model_to_tera
FNF:2
FNDA:2,record_to_tera_object
FNDA:1,model_to_tera
DA:4,2
DA:5,3
DA:6,9
DA:7,3
DA:8,5
DA:9,1
DA:11,1
DA:15,1
DA:16,4
DA:17,1
DA:18,1
DA:19,4
DA:20,1
DA:23,0
DA:24,0
DA:25,2
DA:26,2
DA:27,0
DA:28,0
DA:29,0
DA:30,0
DA:31,1
DA:32,3
DA:33,1
DA:35,0
DA:38,1
DA:39,3
DA:40,1
DA:42,0
DA:45,2
LF:30
LH:22
end_of_record
TN:
SF:/home/freiheit/git/ciao.systems/rite/base/plugins/common/src/template.rs
FN:19,TemplateExporter::new
FN:28,TemplateExporter::write_file
FN:62,<impl Initializable for TemplateExporter>::init
FN:75,<impl Exporter for TemplateExporter>::write
FN:82,<impl Exporter for TemplateExporter>::event
FNF:5
FNDA:3,TemplateExporter::new
FNDA:2,TemplateExporter::write_file
FNDA:3,<impl Initializable for TemplateExporter>::init
FNDA:3,<impl Exporter for TemplateExporter>::write
FNDA:2,<impl Exporter for TemplateExporter>::event
DA:19,3
DA:28,2
DA:29,1
DA:30,2
DA:32,3
DA:34,1
DA:35,1
DA:37,1
DA:38,1
DA:40,3
DA:41,4
DA:44,0
DA:45,0
DA:46,0
DA:48,0
DA:51,0
DA:52,0
DA:53,0
DA:57,2
DA:62,3
DA:66,3
DA:67,5
DA:68,1
DA:70,2
DA:75,3
DA:76,3
DA:77,3
DA:79,2
DA:82,2
DA:83,1
DA:85,4
DA:86,3
DA:88,1
LF:33
LH:26
end_of_record
TN:
SF:/home/freiheit/git/ciao.systems/rite/base/plugins/common/src/transformer/common/operations/adder.rs
FN:19,Adder::new
FN:36,Adder::name
FN:40,Adder::value
FNF:3
FNDA:1,Adder::new
FNDA:0,Adder::name
FNDA:1,Adder::value
DA:19,1
DA:20,1
DA:21,2
DA:22,0
DA:24,1
DA:25,2
DA:26,1
DA:27,2
DA:28,0
DA:29,0
DA:31,1
DA:36,0
DA:37,0
DA:40,1
DA:41,1
DA:43,2
DA:47,1
DA:49,1
DA:50,2
DA:51,1
DA:53,0
LF:21
LH:15
end_of_record
TN:
SF:/home/freiheit/git/ciao.systems/rite/base/plugins/common/src/transformer/common/operations/filter.rs
FN:6,Ignorer::new
FN:12,Ignorer::apply
FN:22,Includer::new
FN:28,Includer::apply
FNF:4
FNDA:0,Ignorer::new
FNDA:0,Ignorer::apply
FNDA:0,Includer::new
FNDA:0,Includer::apply
DA:6,0
DA:7,0
DA:8,0
DA:12,0
DA:13,0
DA:22,0
DA:23,0
DA:24,0
DA:28,0
DA:29,0
LF:10
LH:0
end_of_record
TN:
SF:/home/freiheit/git/ciao.systems/rite/base/plugins/common/src/transformer/common/operations/formatter.rs
FN:10,Formatter::new
FN:22,Formatter::apply
FN:36,convert_isodate
FN:49,convert_isodatetime
FN:62,unix_to_iso_ymd
FN:71,unix_to_iso_datetime
FN:83,millis_to_date_time
FNF:7
FNDA:0,Formatter::new
FNDA:0,Formatter::apply
FNDA:0,convert_isodate
FNDA:8,convert_isodatetime
FNDA:0,unix_to_iso_ymd
FNDA:1,unix_to_iso_datetime
FNDA:1,millis_to_date_time
DA:10,0
DA:11,0
DA:12,0
DA:13,0
DA:15,0
DA:16,0
DA:17,0
DA:22,0
DA:23,0
DA:24,0
DA:25,0
DA:26,0
DA:27,0
DA:30,0
DA:36,0
DA:37,0
DA:38,0
DA:39,0
DA:40,0
DA:41,0
DA:42,0
DA:43,0
DA:44,0
DA:49,8
DA:50,8
DA:51,8
DA:52,4
DA:53,4
DA:54,2
DA:55,2
DA:56,2
DA:57,1
DA:62,0
DA:63,0
DA:64,0
DA:65,0
DA:66,0
DA:71,1
DA:72,1
DA:73,11
DA:74,11
DA:76,11
DA:78,2
DA:83,1
DA:85,2
DA:86,9
DA:89,3
LF:47
LH:19
end_of_record
TN:
SF:/home/freiheit/git/ciao.systems/rite/base/plugins/common/src/transformer/common/operations/renamer.rs
FN:10,Renamer::new
FN:24,Renamer::apply
FNF:2
FNDA:0,Renamer::new
FNDA:0,Renamer::apply
DA:10,0
DA:12,0
DA:13,0
DA:14,0
DA:16,0
DA:17,0
DA:18,0
DA:24,0
DA:25,0
DA:26,0
DA:28,0
LF:11
LH:0
end_of_record
TN:
SF:/home/freiheit/git/ciao.systems/rite/base/plugins/common/src/transformer/common.rs
FN:22,CommonTransformer::new
FN:35,<impl Initializable for CommonTransformer>::init
FN:68,<impl Transformer for CommonTransformer>::process
FNF:3
FNDA:0,CommonTransformer::new
FNDA:0,<impl Initializable for CommonTransformer>::init
FNDA:0,<impl Transformer for CommonTransformer>::process
DA:22,0
DA:25,0
DA:26,0
DA:27,0
DA:28,0
DA:29,0
DA:35,0
DA:39,0
DA:40,0
DA:41,0
DA:42,0
DA:43,0
DA:44,0
DA:45,0
DA:47,0
DA:48,0
DA:50,0
DA:51,0
DA:53,0
DA:54,0
DA:56,0
DA:63,0
DA:68,0
DA:69,0
DA:71,0
DA:72,0
DA:73,0
DA:75,0
DA:80,0
DA:86,0
DA:87,0
DA:88,0
DA:94,0
DA:95,0
DA:97,0
DA:102,0
DA:104,0
DA:108,0
DA:109,0
DA:111,0
DA:114,0
LF:41
LH:0
end_of_record
TN:
SF:/home/freiheit/git/ciao.systems/rite/base/plugins/common/src/transformer/mapper/config/mapper.rs
FN:14,Mapper::new
FN:23,Mapper::get
FNF:2
FNDA:0,Mapper::new
FNDA:2,Mapper::get
DA:14,0
DA:16,0
DA:19,0
DA:20,0
DA:23,2
DA:24,3
DA:26,2
LF:7
LH:3
end_of_record
TN:
SF:/home/freiheit/git/ciao.systems/rite/base/plugins/common/src/transformer/mapper/config/pattern.rs
FN:11,Patterns::apply
FNF:1
FNDA:1,Patterns::apply
DA:11,1
DA:12,1
DA:14,4
DA:15,1
DA:16,6
DA:17,7
DA:18,1
DA:20,5
DA:22,8
DA:23,14
DA:24,4
DA:25,9
DA:31,3
DA:32,3
DA:34,3
DA:36,1
DA:39,5
LF:17
LH:17
end_of_record
TN:
SF:/home/freiheit/git/ciao.systems/rite/base/plugins/common/src/transformer/mapper/config/values.rs
FN:9,Values::get
FNF:1
FNDA:1,Values::get
DA:9,1
DA:10,4
LF:2
LH:2
end_of_record
TN:
SF:/home/freiheit/git/ciao.systems/rite/base/plugins/common/src/transformer/mapper.rs
FN:17,MapperTransformer::new
FN:26,<impl Initializable for MapperTransformer>::init
FN:42,<impl Transformer for MapperTransformer>::process
FN:81,map_field
FN:95,map_by_patterns
FN:112,map_by_values
FN:138,convert_value
FN:163,parse
FNF:8
FNDA:0,MapperTransformer::new
FNDA:0,<impl Initializable for MapperTransformer>::init
FNDA:0,<impl Transformer for MapperTransformer>::process
FNDA:0,map_field
FNDA:0,map_by_patterns
FNDA:0,map_by_values
FNDA:2,convert_value
FNDA:5,parse
DA:17,0
DA:26,0
DA:30,0
DA:31,0
DA:32,0
DA:34,0
DA:37,0
DA:42,0
DA:46,0
DA:47,0
DA:49,0
DA:50,0
DA:51,0
DA:53,0
DA:56,0
DA:58,0
DA:61,0
DA:64,0
DA:66,0
DA:68,0
DA:71,0
DA:81,0
DA:86,0
DA:87,0
DA:88,0
DA:89,0
DA:91,0
DA:95,0
DA:101,0
DA:103,0
DA:105,0
DA:106,0
DA:107,0
DA:108,0
DA:112,0
DA:118,0
DA:120,0
DA:123,0
DA:124,0
DA:125,0
DA:127,0
DA:129,0
DA:138,2
DA:139,4
DA:140,2
DA:142,1
DA:144,7
DA:145,6
DA:146,4
DA:147,4
DA:148,1
DA:163,5
DA:169,11
DA:170,8
DA:171,4
DA:172,12
DA:173,4
LF:57
LH:15
end_of_record
TN:
SF:/home/freiheit/git/ciao.systems/rite/base/plugins/csv/src/csv/exporter.rs
FN:8,<impl Exporter for CSV>::write
FNF:1
FNDA:1,<impl Exporter for CSV>::write
DA:8,1
DA:9,1
DA:10,2
DA:13,0
DA:17,2
DA:20,0
DA:22,1
DA:23,1
DA:24,3
DA:25,2
DA:26,2
DA:28,2
DA:30,2
DA:31,1
DA:34,1
DA:35,3
DA:36,2
DA:37,2
DA:39,2
DA:41,2
DA:43,1
LF:21
LH:19
end_of_record
TN:
SF:/home/freiheit/git/ciao.systems/rite/base/plugins/csv/src/csv/importer.rs
FN:8,<impl Importer for CSV>::read
FN:27,convert
FNF:2
FNDA:1,<impl Importer for CSV>::read
FNDA:1,convert
DA:8,1
DA:12,1
DA:13,1
DA:14,1
DA:15,4
DA:16,2
DA:17,1
DA:18,2
DA:20,1
DA:22,0
DA:27,1
DA:28,1
DA:29,2
DA:31,2
DA:32,1
DA:33,1
DA:36,1
LF:17
LH:16
end_of_record
TN:
SF:/home/freiheit/git/ciao.systems/rite/base/plugins/csv/src/csv.rs
FN:13,CSV::new
FN:23,<impl Initializable for CSV>::init
FNF:2
FNDA:2,CSV::new
FNDA:2,<impl Initializable for CSV>::init
DA:13,2
DA:23,2
DA:27,2
DA:28,4
DA:29,4
DA:30,0
DA:31,2
DA:35,2
LF:8
LH:7
end_of_record
TN:
SF:/home/freiheit/git/ciao.systems/rite/base/plugins/csv/src/lib.rs
FN:6,create_importer
FN:15,create_exporter
FNF:2
FNDA:0,create_importer
FNDA:0,create_exporter
DA:6,0
DA:9,0
DA:15,0
DA:18,0
LF:4
LH:0
end_of_record
TN:
SF:/home/freiheit/git/ciao.systems/rite/base/plugins/faker/src/importers/config.rs
FN:31,Field::create_generator
FN:50,Field::is_needed
FNF:2
FNDA:1,Field::create_generator
FNDA:1,Field::is_needed
DA:31,1
DA:32,5
DA:33,2
DA:34,5
DA:35,2
DA:36,2
DA:37,1
DA:38,2
DA:39,1
DA:40,2
DA:41,1
DA:42,2
DA:43,2
DA:44,2
DA:45,2
DA:46,0
DA:50,1
DA:51,1
DA:52,1
DA:53,1
LF:20
LH:19
end_of_record
TN:
SF:/home/freiheit/git/ciao.systems/rite/base/plugins/faker/src/importers/functions.rs
FN:20,<impl RandomFunction for Milliseconds>::generate
FN:33,<impl RandomFunction for Timezone>::generate
FN:42,<impl RandomFunction for Uuid>::generate
FN:49,<impl RandomFunction for RandomInteger>::generate
FN:57,<impl RandomFunction for RandomFloat>::generate
FN:65,<impl RandomFunction for RandomString>::generate
FN:83,<impl RandomFunction for RandomEmail>::generate
FN:93,<impl RandomFunction for RandomCities>::generate
FN:103,<impl RandomFunction for RandomLastNames>::generate
FN:113,<impl RandomFunction for RandomFirstNames>::generate
FN:123,<impl RandomFunction for RandomAddressLine>::generate
FN:133,<impl RandomFunction for RandomPostalCode>::generate
FN:143,<impl RandomFunction for RandomStates>::generate
FNF:13
FNDA:1,<impl RandomFunction for Milliseconds>::generate
FNDA:1,<impl RandomFunction for Timezone>::generate
FNDA:1,<impl RandomFunction for Uuid>::generate
FNDA:1,<impl RandomFunction for RandomInteger>::generate
FNDA:1,<impl RandomFunction for RandomFloat>::generate
FNDA:1,<impl RandomFunction for RandomString>::generate
FNDA:1,<impl RandomFunction for RandomEmail>::generate
FNDA:1,<impl RandomFunction for RandomCities>::generate
FNDA:1,<impl RandomFunction for RandomLastNames>::generate
FNDA:1,<impl RandomFunction for RandomFirstNames>::generate
FNDA:1,<impl RandomFunction for RandomAddressLine>::generate
FNDA:1,<impl RandomFunction for RandomPostalCode>::generate
FNDA:1,<impl RandomFunction for RandomStates>::generate
DA:20,1
DA:22,2
DA:23,1
DA:25,0
DA:33,1
DA:34,3
DA:35,6
DA:36,1
DA:42,1
DA:43,1
DA:49,1
DA:50,1
DA:51,1
DA:57,1
DA:58,1
DA:59,1
DA:65,1
DA:69,1
DA:70,2
DA:71,1
DA:72,1
DA:73,1
DA:74,1
DA:77,1
DA:83,1
DA:84,1
DA:85,2
DA:87,1
DA:93,1
DA:94,1
DA:95,2
DA:97,1
DA:103,1
DA:104,1
DA:105,2
DA:107,1
DA:113,1
DA:114,1
DA:115,2
DA:117,1
DA:123,1
DA:124,1
DA:125,2
DA:127,1
DA:133,1
DA:134,1
DA:135,2
DA:137,1
DA:143,1
DA:144,1
DA:145,2
DA:147,1
LF:52
LH:51
end_of_record
TN:
SF:/home/freiheit/git/ciao.systems/rite/base/plugins/faker/src/importers.rs
FN:16,Faker::new
FN:25,<impl Initializable for Faker>::init
FN:55,<impl Importer for Faker>::read
FNF:3
FNDA:1,Faker::new
FNDA:1,<impl Initializable for Faker>::init
FNDA:1,<impl Importer for Faker>::read
DA:16,1
DA:25,1
DA:29,1
DA:31,1
DA:32,2
DA:33,2
DA:34,1
DA:35,2
DA:36,1
DA:37,0
DA:38,0
DA:39,0
DA:43,2
DA:45,0
DA:50,1
DA:55,1
DA:59,2
DA:60,2
DA:61,1
DA:62,2
DA:64,2
DA:66,3
DA:67,1
DA:68,2
DA:73,2
DA:76,1
DA:78,0
LF:27
LH:22
end_of_record
TN:
SF:/home/freiheit/git/ciao.systems/rite/base/plugins/faker/src/lib.rs
FN:8,create_importer
FNF:1
FNDA:0,create_importer
DA:8,0
DA:11,0
LF:2
LH:0
end_of_record
TN:
SF:/home/freiheit/git/ciao.systems/rite/base/plugins/postgres/src/exporter/config.rs
FN:21,Table::get_unique_fields_as_vec
FNF:1
FNDA:0,Table::get_unique_fields_as_vec
DA:21,0
DA:22,0
DA:23,0
DA:25,0
LF:4
LH:0
end_of_record
TN:
SF:/home/freiheit/git/ciao.systems/rite/base/plugins/postgres/src/exporter/sql/value.rs
FN:10,<impl ToSql for ValueWrapper>::to_sql
FN:42,<impl ToSql for ValueWrapper>::accepts
FN:60,<impl ToSql for ValueWrapper>::encode_format
FN:65,_get_sql_type
FNF:4
FNDA:0,<impl ToSql for ValueWrapper>::to_sql
FNDA:0,<impl ToSql for ValueWrapper>::accepts
FNDA:0,<impl ToSql for ValueWrapper>::encode_format
FNDA:0,_get_sql_type
DA:10,0
DA:15,0
DA:16,0
DA:17,0
DA:18,0
DA:19,0
DA:20,0
DA:21,0
DA:22,0
DA:23,0
DA:24,0
DA:25,0
DA:26,0
DA:27,0
DA:28,0
DA:29,0
DA:30,0
DA:31,0
DA:32,0
DA:33,0
DA:34,0
DA:35,0
DA:36,0
DA:38,0
DA:42,0
DA:43,0
DA:44,0
DA:60,0
DA:61,0
DA:65,0
DA:66,0
DA:67,0
DA:68,0
DA:69,0
DA:70,0
DA:71,0
DA:72,0
DA:73,0
DA:74,0
DA:75,0
DA:76,0
DA:77,0
DA:78,0
DA:79,0
DA:80,0
DA:81,0
DA:82,0
DA:83,0
DA:84,0
DA:85,0
DA:86,0
LF:51
LH:0
end_of_record
TN:
SF:/home/freiheit/git/ciao.systems/rite/base/plugins/postgres/src/exporter/sql.rs
FN:12,generate_insert_statement
FN:39,generate_update_statement
FNF:2
FNDA:1,generate_insert_statement
FNDA:1,generate_update_statement
DA:12,1
DA:16,1
DA:17,1
DA:18,1
DA:20,1
DA:21,4
DA:22,2
DA:23,2
DA:24,1
DA:25,1
DA:28,3
DA:31,1
DA:32,1
DA:35,1
DA:39,1
DA:45,1
DA:48,2
DA:52,3
DA:55,3
DA:60,2
DA:63,3
DA:67,1
DA:72,1
DA:73,3
DA:74,2
DA:77,1
LF:26
LH:26
end_of_record
TN:
SF:/home/freiheit/git/ciao.systems/rite/base/plugins/postgres/src/exporter.rs
FN:16,PostgresExporter::new
FN:24,PostgresExporter::connect
FN:53,PostgresExporter::has_create
FN:63,PostgresExporter::is_created
FN:67,PostgresExporter::set_created
FN:71,PostgresExporter::create_table
FN:84,PostgresExporter::insert_or_update
FN:111,insert
FN:128,update
FN:147,<impl Initializable for PostgresExporter>::init
FN:184,<impl Exporter for PostgresExporter>::write
FNF:11
FNDA:0,PostgresExporter::new
FNDA:0,PostgresExporter::connect
FNDA:0,PostgresExporter::has_create
FNDA:0,PostgresExporter::is_created
FNDA:0,PostgresExporter::set_created
FNDA:0,PostgresExporter::create_table
FNDA:0,PostgresExporter::insert_or_update
FNDA:0,insert
FNDA:0,update
FNDA:0,<impl Initializable for PostgresExporter>::init
FNDA:0,<impl Exporter for PostgresExporter>::write
DA:16,0
DA:24,0
DA:25,0
DA:28,0
DA:37,0
DA:38,0
DA:39,0
DA:40,0
DA:41,0
DA:50,0
DA:53,0
DA:54,0
DA:55,0
DA:60,0
DA:63,0
DA:64,0
DA:67,0
DA:68,0
DA:71,0
DA:72,0
DA:73,0
DA:74,0
DA:75,0
DA:76,0
DA:81,0
DA:84,0
DA:85,0
DA:86,0
DA:87,0
DA:88,0
DA:89,0
DA:90,0
DA:91,0
DA:93,0
DA:94,0
DA:95,0
DA:96,0
DA:97,0
DA:99,0
DA:102,0
DA:107,0
DA:111,0
DA:116,0
DA:117,0
DA:120,0
DA:122,0
DA:124,0
DA:128,0
DA:133,0
DA:134,0
DA:135,0
DA:138,0
DA:140,0
DA:142,0
DA:147,0
DA:151,0
DA:152,0
DA:153,0
DA:154,0
DA:155,0
DA:157,0
DA:158,0
DA:159,0
DA:166,0
DA:169,0
DA:171,0
DA:172,0
DA:173,0
DA:174,0
DA:179,0
DA:184,0
DA:186,0
DA:188,0
DA:192,0
DA:194,0
LF:75
LH:0
end_of_record
TN:
SF:/home/freiheit/git/ciao.systems/rite/base/plugins/postgres/src/importer.rs
FN:19,PostgresImporter::new
FN:25,<impl Initializable for PostgresImporter>::init
FN:55,<impl Importer for PostgresImporter>::read
FN:83,handle_row
FNF:4
FNDA:0,PostgresImporter::new
FNDA:0,<impl Initializable for PostgresImporter>::init
FNDA:0,<impl Importer for PostgresImporter>::read
FNDA:0,handle_row
DA:19,0
DA:25,0
DA:29,0
DA:30,0
DA:31,0
DA:32,0
DA:33,0
DA:35,0
DA:36,0
DA:37,0
DA:44,0
DA:46,0
DA:50,0
DA:55,0
DA:56,0
DA:59,0
DA:68,0
DA:70,0
DA:73,0
DA:74,0
DA:75,0
DA:79,0
DA:83,0
DA:84,0
DA:85,0
DA:86,0
DA:88,0
DA:89,0
DA:90,0
DA:91,0
DA:92,0
DA:95,0
DA:96,0
DA:97,0
DA:98,0
DA:99,0
DA:102,0
DA:103,0
DA:104,0
DA:105,0
DA:106,0
DA:109,0
DA:110,0
DA:111,0
DA:112,0
DA:113,0
DA:116,0
DA:117,0
DA:118,0
DA:119,0
DA:120,0
DA:123,0
DA:124,0
DA:125,0
DA:126,0
DA:127,0
DA:130,0
DA:133,0
LF:58
LH:0
end_of_record
TN:
SF:/home/freiheit/git/ciao.systems/rite/base/plugins/postgres/src/lib.rs
FN:9,create_importer
FN:16,create_exporter
FNF:2
FNDA:0,create_importer
FNDA:0,create_exporter
DA:9,0
DA:12,0
DA:16,0
DA:19,0
LF:4
LH:0
end_of_record
TN:
SF:/home/freiheit/git/ciao.systems/rite/base/plugins/rest/src/importer/tests.rs
FNF:0
DA:104,1
DA:105,1
DA:106,1
DA:107,2
DA:108,2
DA:109,3
DA:111,2
DA:112,2
DA:114,3
DA:115,2
DA:118,2
DA:120,2
DA:138,2
DA:139,2
DA:140,2
DA:141,2
DA:142,3
DA:144,1
DA:146,3
DA:148,1
DA:150,1
DA:151,3
DA:152,1
DA:154,1
DA:155,1
DA:159,2
DA:160,2
DA:161,2
DA:162,2
DA:163,2
DA:165,4
DA:168,2
LF:32
LH:32
end_of_record
TN:
SF:/home/freiheit/git/ciao.systems/rite/base/plugins/rest/src/importer.rs
FN:26,RESTImporter::new
FN:38,RESTImporter::setup_authentication
FN:71,split
FN:98,<impl Initializable for RESTImporter>::init
FN:116,<impl Importer for RESTImporter>::read
FN:162,record_from_json
FNF:6
FNDA:4,RESTImporter::new
FNDA:2,RESTImporter::setup_authentication
FNDA:6,split
FNDA:4,<impl Initializable for RESTImporter>::init
FNDA:1,<impl Importer for RESTImporter>::read
FNDA:1,record_from_json
DA:26,4
DA:38,2
DA:42,3
DA:43,2
DA:44,2
DA:45,2
DA:49,3
DA:50,2
DA:53,3
DA:54,2
DA:55,2
DA:56,2
DA:58,3
DA:59,2
DA:60,3
DA:61,2
DA:66,1
DA:71,6
DA:72,6
DA:73,12
DA:74,14
DA:75,2
DA:77,8
DA:80,0
DA:83,15
DA:84,8
DA:85,11
DA:86,1
DA:88,2
DA:91,2
DA:94,2
DA:98,4
DA:102,4
DA:103,8
DA:104,4
DA:105,1
DA:106,4
DA:107,1
DA:108,4
DA:111,1
DA:116,1
DA:117,1
DA:118,1
DA:119,2
DA:121,1
DA:122,1
DA:123,2
DA:124,1
DA:125,2
DA:126,2
DA:128,1
DA:129,1
DA:130,2
DA:131,0
DA:134,1
DA:137,2
DA:138,2
DA:139,1
DA:140,2
DA:144,0
DA:147,0
DA:152,0
DA:153,0
DA:158,1
DA:162,1
DA:163,1
DA:164,2
DA:165,1
DA:168,0
DA:169,0
DA:170,0
DA:172,1
DA:175,1
DA:176,1
DA:177,3
DA:178,9
DA:179,3
DA:180,1
DA:181,2
DA:182,2
DA:184,2
DA:185,4
DA:186,4
DA:188,0
DA:189,0
DA:190,0
DA:197,0
DA:198,0
DA:202,3
LF:89
LH:75
end_of_record
TN:
SF:/home/freiheit/git/ciao.systems/rite/base/plugins/rest/src/lib.rs
FN:6,create_importer
FNF:1
FNDA:0,create_importer
DA:6,0
DA:9,0
LF:2
LH:0
end_of_record
TN:
SF:/home/freiheit/git/ciao.systems/rite/base/rite/src/main.rs
FN:17,main
FNF:1
FNDA:0,main
DA:17,0
DA:19,0
DA:21,0
DA:22,0
DA:24,0
DA:25,0
DA:26,0
DA:27,0
DA:28,0
DA:29,0
DA:30,0
DA:32,0
DA:35,0
DA:38,0
LF:14
LH:0
end_of_record
TN:
SF:/home/freiheit/git/ciao.systems/rite/base/rite/src/processor/process/exporter.rs
FN:8,Exporter<'a>::new
FN:14,Exporter<'a>::export
FN:24,Exporter<'a>::event
FNF:3
FNDA:0,Exporter<'a>::new
FNDA:0,Exporter<'a>::export
FNDA:0,Exporter<'a>::event
DA:8,0
DA:14,0
DA:16,0
DA:17,0
DA:20,0
DA:24,0
DA:25,0
DA:26,0
DA:29,0
LF:9
LH:0
end_of_record
TN:
SF:/home/freiheit/git/ciao.systems/rite/base/rite/src/processor/process/importer/handlers.rs
FN:13,TransformAndExportRecordHandler<'a>::new
FN:23,TransformAndExportRecordHandler<'a>::event
FN:33,<impl RecordHandler for TransformAndExportRecordHandler<'a>>::handle_record
FN:39,import_read_handler
FNF:4
FNDA:0,TransformAndExportRecordHandler<'a>::new
FNDA:0,TransformAndExportRecordHandler<'a>::event
FNDA:0,<impl RecordHandler for TransformAndExportRecordHandler<'a>>::handle_record
FNDA:0,import_read_handler
DA:13,0
DA:23,0
DA:24,0
DA:25,0
DA:28,0
DA:33,0
DA:34,0
DA:35,0
DA:39,0
DA:44,0
DA:45,0
DA:46,0
DA:47,0
DA:48,0
DA:49,0
DA:50,0
DA:52,0
DA:55,0
DA:56,0
DA:57,0
DA:61,0
DA:64,0
DA:65,0
DA:66,0
LF:24
LH:0
end_of_record
TN:
SF:/home/freiheit/git/ciao.systems/rite/base/rite/src/processor/process/importer.rs
FN:12,Importer<'a>::new
FN:16,Importer<'a>::import
FNF:2
FNDA:0,Importer<'a>::new
FNDA:0,Importer<'a>::import
DA:12,0
DA:16,0
DA:21,0
DA:23,0
DA:25,0
DA:26,0
DA:27,0
DA:30,0
DA:32,0
LF:9
LH:0
end_of_record
TN:
SF:/home/freiheit/git/ciao.systems/rite/base/rite/src/processor/process/transformer.rs
FN:8,Transformer<'a>::new
FN:12,Transformer<'a>::transform
FNF:2
FNDA:0,Transformer<'a>::new
FNDA:0,Transformer<'a>::transform
DA:8,0
DA:12,0
DA:13,0
DA:14,0
DA:15,0
DA:17,0
LF:6
LH:0
end_of_record
TN:
SF:/home/freiheit/git/ciao.systems/rite/base/rite/src/processor/process.rs
FN:19,Process::new
FN:29,Process::init
FN:51,Process::fill_importer
FN:71,Process::fill_transformers
FN:101,Process::fill_exporters
FN:140,Process::run
FN:152,Process::create
FNF:7
FNDA:0,Process::new
FNDA:0,Process::init
FNDA:0,Process::fill_importer
FNDA:0,Process::fill_transformers
FNDA:0,Process::fill_exporters
FNDA:0,Process::run
FNDA:0,Process::create
DA:19,0
DA:21,0
DA:29,0
DA:34,0
DA:35,0
DA:37,0
DA:38,0
DA:41,0
DA:42,0
DA:45,0
DA:46,0
DA:48,0
DA:51,0
DA:57,0
DA:59,0
DA:61,0
DA:62,0
DA:64,0
DA:65,0
DA:66,0
DA:71,0
DA:76,0
DA:79,0
DA:81,0
DA:82,0
DA:83,0
DA:85,0
DA:86,0
DA:89,0
DA:91,0
DA:93,0
DA:98,0
DA:101,0
DA:106,0
DA:107,0
DA:116,0
DA:117,0
DA:124,0
DA:125,0
DA:126,0
DA:127,0
DA:129,0
DA:136,0
DA:140,0
DA:141,0
DA:143,0
DA:144,0
DA:149,0
DA:152,0
DA:159,0
DA:160,0
DA:161,0
DA:163,0
DA:166,0
DA:167,0
DA:168,0
DA:170,0
DA:173,0
DA:174,0
DA:175,0
DA:177,0
DA:180,0
LF:62
LH:0
end_of_record
TN:
SF:/home/freiheit/git/ciao.systems/rite/base/rite/src/processor/rite.rs
FN:18,Rite::new
FN:28,Rite::init
FN:40,Rite::get_plugin_desc
FN:48,Rite::load_plugin
FN:66,Rite::process
FN:78,create_variables
FNF:6
FNDA:0,Rite::new
FNDA:0,Rite::init
FNDA:0,Rite::get_plugin_desc
FNDA:0,Rite::load_plugin
FNDA:0,Rite::process
FNDA:1,create_variables
DA:18,0
DA:19,0
DA:21,0
DA:22,0
DA:23,0
DA:24,0
DA:28,0
DA:29,0
DA:30,0
DA:31,0
DA:32,0
DA:33,0
DA:34,0
DA:37,0
DA:40,0
DA:41,0
DA:45,0
DA:48,0
DA:52,0
DA:53,0
DA:57,0
DA:58,0
DA:59,0
DA:61,0
DA:62,0
DA:63,0
DA:66,0
DA:67,0
DA:68,0
DA:69,0
DA:71,0
DA:73,0
DA:74,0
DA:78,1
DA:79,3
DA:80,2
DA:81,3
DA:83,4
DA:84,4
DA:85,1
DA:86,1
DA:87,3
DA:92,0
DA:95,3
LF:44
LH:10
end_of_record
TN:
SF:/home/freiheit/git/ciao.systems/rite/custom/plugins/atc/bin/reflection.rs
FN:17,main
FN:56,list_services
FN:89,fetch_messages_for_service
FNF:3
FNDA:0,main
FNDA:0,list_services
FNDA:0,fetch_messages_for_service
DA:17,0
DA:19,0
DA:20,0
DA:21,0
DA:22,0
DA:24,0
DA:26,0
DA:28,0
DA:29,0
DA:32,0
DA:36,0
DA:37,0
DA:40,0
DA:43,0
DA:44,0
DA:45,0
DA:46,0
DA:47,0
DA:48,0
DA:52,0
DA:56,0
DA:59,0
DA:63,0
DA:64,0
DA:66,0
DA:68,0
DA:69,0
DA:71,0
DA:74,0
DA:77,0
DA:78,0
DA:79,0
DA:80,0
DA:85,0
DA:89,0
DA:93,0
DA:97,0
DA:98,0
DA:102,0
DA:104,0
DA:105,0
DA:107,0
DA:110,0
DA:113,0
DA:114,0
DA:115,0
DA:117,0
DA:118,0
DA:123,0
LF:49
LH:0
end_of_record
TN:
SF:/home/freiheit/git/ciao.systems/rite/custom/plugins/atc/src/connection/clients/manager.rs
FN:11,ClientManager::new
FNF:1
FNDA:0,ClientManager::new
DA:11,0
DA:15,0
DA:16,0
LF:3
LH:0
end_of_record
TN:
SF:/home/freiheit/git/ciao.systems/rite/custom/plugins/atc/src/connection/clients.rs
FN:17,DataSetClient::new
FN:37,DataSetClient::inner_mut
FNF:2
FNDA:0,DataSetClient::new
FNDA:0,DataSetClient::inner_mut
DA:17,0
DA:21,0
DA:22,0
DA:23,0
DA:24,0
DA:25,0
DA:26,0
DA:27,0
DA:28,0
DA:32,0
DA:37,0
LF:11
LH:0
end_of_record
TN:
SF:/home/freiheit/git/ciao.systems/rite/custom/plugins/atc/src/connection/config.rs
FN:22,ConnectionConfiguration::new
FN:31,ConnectionConfiguration::from
FN:48,ConnectionConfiguration::connect
FNF:3
FNDA:0,ConnectionConfiguration::new
FNDA:0,ConnectionConfiguration::from
FNDA:0,ConnectionConfiguration::connect
DA:22,0
DA:31,0
DA:32,0
DA:33,0
DA:34,0
DA:36,0
DA:37,0
DA:39,0
DA:40,0
DA:42,0
DA:43,0
DA:45,0
DA:48,0
DA:49,0
DA:50,0
DA:51,0
DA:52,0
DA:53,0
DA:54,0
DA:55,0
DA:57,0
DA:59,0
DA:62,0
DA:65,0
DA:68,0
LF:25
LH:0
end_of_record
TN:
SF:/home/freiheit/git/ciao.systems/rite/custom/plugins/atc/src/connection/interceptor.rs
FN:14,ATCClientInterceptor::new
FN:22,ATCClientInterceptor::create_auth_header
FN:30,<impl Interceptor for ATCClientInterceptor>::call
FNF:3
FNDA:0,ATCClientInterceptor::new
FNDA:0,ATCClientInterceptor::create_auth_header
FNDA:0,<impl Interceptor for ATCClientInterceptor>::call
DA:14,0
DA:16,0
DA:17,0
DA:18,0
DA:22,0
DA:23,0
DA:24,0
DA:25,0
DA:30,0
DA:34,0
DA:35,0
DA:38,0
DA:39,0
DA:40,0
DA:41,0
DA:43,0
LF:16
LH:0
end_of_record
TN:
SF:/home/freiheit/git/ciao.systems/rite/custom/plugins/atc/src/connection.rs
FN:19,ATCConnection::connect
FN:45,ATCConnection::_connect
FNF:2
FNDA:0,ATCConnection::connect
FNDA:0,ATCConnection::_connect
DA:19,0
DA:20,0
DA:21,0
DA:22,0
DA:23,0
DA:24,0
DA:25,0
DA:26,0
DA:27,0
DA:29,0
DA:30,0
DA:31,0
DA:35,0
DA:36,0
DA:38,0
DA:40,0
DA:45,0
DA:48,0
DA:49,0
DA:50,0
DA:51,0
DA:53,0
DA:55,0
LF:23
LH:0
end_of_record
TN:
SF:/home/freiheit/git/ciao.systems/rite/custom/plugins/atc/src/importers/clock_records.rs
FN:37,ClockRecords::new
FN:43,<impl Initializable for ClockRecords>::init
FN:53,<impl Importer for ClockRecords>::read
FN:77,call_get_clock_records
FN:120,parse_period
FN:151,date_to_protobuf
FN:168,add_period_filter
FN:204,create_period_filter_field
FN:216,add_employee_filter
FNF:9
FNDA:0,ClockRecords::new
FNDA:0,<impl Initializable for ClockRecords>::init
FNDA:0,<impl Importer for ClockRecords>::read
FNDA:0,call_get_clock_records
FNDA:4,parse_period
FNDA:3,date_to_protobuf
FNDA:4,add_period_filter
FNDA:3,create_period_filter_field
FNDA:1,add_employee_filter
DA:37,0
DA:43,0
DA:47,0
DA:48,0
DA:53,0
DA:55,0
DA:56,0
DA:58,0
DA:59,0
DA:61,0
DA:62,0
DA:63,0
DA:66,0
DA:68,0
DA:72,0
DA:77,0
DA:82,0
DA:84,0
DA:86,0
DA:87,0
DA:88,0
DA:91,0
DA:95,0
DA:96,0
DA:97,0
DA:98,0
DA:99,0
DA:100,0
DA:101,0
DA:102,0
DA:103,0
DA:106,0
DA:108,0
DA:109,0
DA:114,0
DA:120,4
DA:121,4
DA:123,10
DA:124,2
DA:125,2
DA:126,0
DA:127,0
DA:128,0
DA:132,2
DA:135,10
DA:136,2
DA:137,2
DA:138,0
DA:139,0
DA:140,0
DA:144,2
DA:147,4
DA:151,3
DA:152,6
DA:154,3
DA:158,3
DA:161,3
DA:163,0
DA:168,4
DA:185,4
DA:186,8
DA:187,9
DA:189,5
DA:190,6
DA:193,3
DA:195,9
DA:197,6
DA:200,1
DA:204,3
DA:205,7
DA:206,3
DA:207,3
DA:208,6
DA:211,0
DA:216,1
DA:220,1
DA:222,1
DA:226,1
DA:229,1
LF:79
LH:36
end_of_record
TN:
SF:/home/freiheit/git/ciao.systems/rite/custom/plugins/atc/src/importers/common.rs
FN:21,add_fields_filter
FN:35,add_to_parameter_metadata
FN:47,create_parameter_meta_data_single
FN:63,atc_value_to_model_value
FN:107,duration_to_i64
FN:112,timestamp_to_string
FNF:6
FNDA:1,add_fields_filter
FNDA:2,add_to_parameter_metadata
FNDA:2,create_parameter_meta_data_single
FNDA:5,atc_value_to_model_value
FNDA:1,duration_to_i64
FNDA:1,timestamp_to_string
DA:21,1
DA:25,1
DA:26,1
DA:28,1
DA:31,1
DA:35,2
DA:39,2
DA:40,4
DA:41,4
DA:47,2
DA:53,2
DA:55,2
DA:63,5
DA:66,2
DA:67,9
DA:68,1
DA:69,1
DA:70,1
DA:71,1
DA:72,1
DA:73,1
DA:74,2
DA:75,1
DA:77,2
DA:78,1
DA:80,2
DA:81,1
DA:83,2
DA:84,1
DA:86,2
DA:89,2
DA:90,1
DA:92,2
DA:97,0
DA:99,0
DA:102,0
DA:107,1
DA:108,1
DA:112,1
DA:113,1
LF:40
LH:37
end_of_record
TN:
SF:/home/freiheit/git/ciao.systems/rite/custom/plugins/atc/src/importers/dataset.rs
FN:19,Dataset::new
FN:25,<impl Initializable for Dataset>::init
FN:35,<impl Importer for Dataset>::read
FN:58,call_dataset_get
FNF:4
FNDA:0,Dataset::new
FNDA:0,<impl Initializable for Dataset>::init
FNDA:0,<impl Importer for Dataset>::read
FNDA:0,call_dataset_get
DA:19,0
DA:25,0
DA:29,0
DA:30,0
DA:35,0
DA:37,0
DA:38,0
DA:40,0
DA:41,0
DA:43,0
DA:44,0
DA:45,0
DA:48,0
DA:50,0
DA:54,0
DA:58,0
DA:63,0
DA:64,0
DA:65,0
DA:68,0
DA:69,0
DA:72,0
DA:76,0
DA:77,0
DA:78,0
DA:79,0
DA:80,0
DA:81,0
DA:82,0
DA:83,0
DA:84,0
DA:87,0
DA:89,0
DA:90,0
DA:95,0
LF:35
LH:0
end_of_record
TN:
SF:/home/freiheit/git/ciao.systems/rite/custom/plugins/atc/src/lib.rs
FN:15,create_importer
FNF:1
FNDA:0,create_importer
DA:15,0
DA:19,0
DA:20,0
DA:21,0
LF:4
LH:0
end_of_record
TN:
SF:/home/freiheit/git/ciao.systems/rite/custom/plugins/ciao/ciao-rs/src/ciao/clients/accounts.rs
FN:19,AccountClient::new
FN:39,AccountClient::inner
FN:46,AccountClient::inner_mut
FN:52,AccountClient::get
FN:60,AccountClient::list
FNF:5
FNDA:0,AccountClient::new
FNDA:0,AccountClient::inner
FNDA:0,AccountClient::inner_mut
FNDA:0,AccountClient::get
FNDA:0,AccountClient::list
DA:19,0
DA:23,0
DA:24,0
DA:25,0
DA:26,0
DA:27,0
DA:28,0
DA:29,0
DA:30,0
DA:34,0
DA:39,0
DA:46,0
DA:52,0
DA:54,0
DA:56,0
DA:57,0
DA:60,0
DA:67,0
DA:68,0
LF:19
LH:0
end_of_record
TN:
SF:/home/freiheit/git/ciao.systems/rite/custom/plugins/ciao/ciao-rs/src/ciao/clients/authentication.rs
FN:18,AuthenticationClient::new
FN:38,AuthenticationClient::inner
FN:45,AuthenticationClient::inner_mut
FN:51,AuthenticationClient::login_user_id
FN:64,AuthenticationClient::login_email
FNF:5
FNDA:0,AuthenticationClient::new
FNDA:0,AuthenticationClient::inner
FNDA:0,AuthenticationClient::inner_mut
FNDA:0,AuthenticationClient::login_user_id
FNDA:0,AuthenticationClient::login_email
DA:18,0
DA:22,0
DA:23,0
DA:24,0
DA:25,0
DA:26,0
DA:27,0
DA:28,0
DA:29,0
DA:33,0
DA:38,0
DA:45,0
DA:51,0
DA:64,0
DA:70,0
DA:71,0
DA:73,0
DA:74,0
LF:18
LH:0
end_of_record
TN:
SF:/home/freiheit/git/ciao.systems/rite/custom/plugins/ciao/ciao-rs/src/ciao/clients/configuration.rs
FN:14,ConfigurationClient::new
FN:34,ConfigurationClient::inner
FN:41,ConfigurationClient::inner_mut
FN:47,ConfigurationClient::get_values
FNF:4
FNDA:0,ConfigurationClient::new
FNDA:0,ConfigurationClient::inner
FNDA:0,ConfigurationClient::inner_mut
FNDA:0,ConfigurationClient::get_values
DA:14,0
DA:18,0
DA:19,0
DA:20,0
DA:21,0
DA:22,0
DA:23,0
DA:24,0
DA:25,0
DA:29,0
DA:34,0
DA:41,0
DA:47,0
DA:51,0
DA:52,0
DA:53,0
DA:55,0
DA:56,0
DA:57,0
LF:19
LH:0
end_of_record
TN:
SF:/home/freiheit/git/ciao.systems/rite/custom/plugins/ciao/ciao-rs/src/ciao/clients/devices.rs
FN:18,DeviceClient::new
FN:38,DeviceClient::inner
FN:43,DeviceClient::inner_mut
FN:49,DeviceClient::get_device_configuration
FNF:4
FNDA:0,DeviceClient::new
FNDA:0,DeviceClient::inner
FNDA:0,DeviceClient::inner_mut
FNDA:0,DeviceClient::get_device_configuration
DA:18,0
DA:22,0
DA:23,0
DA:24,0
DA:25,0
DA:26,0
DA:27,0
DA:28,0
DA:29,0
DA:33,0
DA:38,0
DA:43,0
DA:49,0
DA:54,0
DA:56,0
DA:57,0
LF:16
LH:0
end_of_record
TN:
SF:/home/freiheit/git/ciao.systems/rite/custom/plugins/ciao/ciao-rs/src/ciao/clients/time_tracking/cost_centers.rs
FN:15,CostCenterClient::new
FN:35,CostCenterClient::inner
FN:42,CostCenterClient::inner_mut
FNF:3
FNDA:0,CostCenterClient::new
FNDA:0,CostCenterClient::inner
FNDA:0,CostCenterClient::inner_mut
DA:15,0
DA:19,0
DA:20,0
DA:21,0
DA:22,0
DA:23,0
DA:24,0
DA:25,0
DA:26,0
DA:30,0
DA:35,0
DA:42,0
LF:12
LH:0
end_of_record
TN:
SF:/home/freiheit/git/ciao.systems/rite/custom/plugins/ciao/ciao-rs/src/ciao/clients/time_tracking/project_tasks.rs
FN:15,ProjectTaskClient::new
FN:35,ProjectTaskClient::inner
FN:42,ProjectTaskClient::inner_mut
FNF:3
FNDA:0,ProjectTaskClient::new
FNDA:0,ProjectTaskClient::inner
FNDA:0,ProjectTaskClient::inner_mut
DA:15,0
DA:19,0
DA:20,0
DA:21,0
DA:22,0
DA:23,0
DA:24,0
DA:25,0
DA:26,0
DA:30,0
DA:35,0
DA:42,0
LF:12
LH:0
end_of_record
TN:
SF:/home/freiheit/git/ciao.systems/rite/custom/plugins/ciao/ciao-rs/src/ciao/clients/time_tracking/projects.rs
FN:15,ProjectClient::new
FN:35,ProjectClient::inner
FN:42,ProjectClient::inner_mut
FNF:3
FNDA:0,ProjectClient::new
FNDA:0,ProjectClient::inner
FNDA:0,ProjectClient::inner_mut
DA:15,0
DA:19,0
DA:20,0
DA:21,0
DA:22,0
DA:23,0
DA:24,0
DA:25,0
DA:26,0
DA:30,0
DA:35,0
DA:42,0
LF:12
LH:0
end_of_record
TN:
SF:/home/freiheit/git/ciao.systems/rite/custom/plugins/ciao/ciao-rs/src/ciao/clients/time_tracking/time_type.rs
FN:18,TimeTypeClient::new
FN:38,TimeTypeClient::inner
FN:45,TimeTypeClient::inner_mut
FN:51,TimeTypeClient::get
FN:59,TimeTypeClient::list
FNF:5
FNDA:0,TimeTypeClient::new
FNDA:0,TimeTypeClient::inner
FNDA:0,TimeTypeClient::inner_mut
FNDA:0,TimeTypeClient::get
FNDA:0,TimeTypeClient::list
DA:18,0
DA:22,0
DA:23,0
DA:24,0
DA:25,0
DA:26,0
DA:27,0
DA:28,0
DA:29,0
DA:33,0
DA:38,0
DA:45,0
DA:51,0
DA:59,0
LF:14
LH:0
end_of_record
TN:
SF:/home/freiheit/git/ciao.systems/rite/custom/plugins/ciao/ciao-rs/src/ciao/clients/time_tracking.rs
FN:26,TimeTrackingClient::new
FN:46,TimeTrackingClient::inner
FN:53,TimeTrackingClient::inner_mut
FN:59,TimeTrackingClient::get
FN:67,TimeTrackingClient::list
FNF:5
FNDA:0,TimeTrackingClient::new
FNDA:0,TimeTrackingClient::inner
FNDA:0,TimeTrackingClient::inner_mut
FNDA:0,TimeTrackingClient::get
FNDA:0,TimeTrackingClient::list
DA:26,0
DA:30,0
DA:31,0
DA:32,0
DA:33,0
DA:34,0
DA:35,0
DA:36,0
DA:37,0
DA:41,0
DA:46,0
DA:53,0
DA:59,0
DA:67,0
DA:83,0
DA:84,0
LF:16
LH:0
end_of_record
TN:
SF:/home/freiheit/git/ciao.systems/rite/custom/plugins/ciao/ciao-rs/src/ciao/common/duration.rs
FN:5,to_hours
FN:10,to_days
FN:15,timestamp_minus
FNF:3
FNDA:1,to_hours
FNDA:1,to_days
FNDA:3,timestamp_minus
DA:5,1
DA:6,1
DA:10,1
DA:11,1
DA:15,3
DA:19,3
DA:20,6
DA:23,5
DA:24,2
DA:25,4
LF:10
LH:10
end_of_record
TN:
SF:/home/freiheit/git/ciao.systems/rite/custom/plugins/ciao/ciao-rs/src/ciao/common/timestamp.rs
FN:8,Timestamp::parse_datetime_from
FN:25,Timestamp::parse_from
FN:34,Timestamp::local_from_utc
FN:38,Timestamp::from_utc
FN:48,Timestamp::from_datetime_offset
FN:53,Timestamp::as_utc
FN:80,Timestamp::year
FN:88,Timestamp::month
FN:96,Timestamp::day
FN:104,Timestamp::hour
FN:112,Timestamp::minute
FN:120,Timestamp::second
FNF:12
FNDA:8,Timestamp::parse_datetime_from
FNDA:8,Timestamp::parse_from
FNDA:0,Timestamp::local_from_utc
FNDA:4,Timestamp::from_utc
FNDA:0,Timestamp::from_datetime_offset
FNDA:2,Timestamp::as_utc
FNDA:2,Timestamp::year
FNDA:3,Timestamp::month
FNDA:3,Timestamp::day
FNDA:3,Timestamp::hour
FNDA:3,Timestamp::minute
FNDA:3,Timestamp::second
DA:8,8
DA:9,8
DA:10,5
DA:11,3
DA:12,3
DA:15,2
DA:16,1
DA:18,2
DA:25,8
DA:26,8
DA:27,5
DA:28,2
DA:34,0
DA:35,0
DA:38,4
DA:40,8
DA:44,3
DA:48,0
DA:49,0
DA:53,2
DA:54,3
DA:55,3
DA:56,3
DA:57,0
DA:58,0
DA:61,0
DA:80,2
DA:81,2
DA:82,3
DA:83,0
DA:88,3
DA:89,3
DA:90,3
DA:91,0
DA:96,3
DA:97,3
DA:98,3
DA:99,0
DA:104,3
DA:105,3
DA:106,3
DA:107,0
DA:112,3
DA:113,3
DA:114,3
DA:115,0
DA:120,3
DA:121,3
DA:122,3
DA:123,0
LF:50
LH:37
end_of_record
TN:
SF:/home/freiheit/git/ciao.systems/rite/custom/plugins/ciao/ciao-rs/src/ciao/devices.rs
FN:18,Device::with_time_zone
FN:34,Device::find_action_by_device_action_id
FNF:2
FNDA:0,Device::with_time_zone
FNDA:0,Device::find_action_by_device_action_id
DA:18,0
DA:20,0
DA:21,0
DA:22,0
DA:23,0
DA:24,0
DA:25,0
DA:34,0
DA:35,0
DA:37,0
LF:10
LH:0
end_of_record
TN:
SF:/home/freiheit/git/ciao.systems/rite/custom/plugins/ciao/ciao-rs/src/ciao.rs
FN:43,ClientManager::new
FNF:1
FNDA:0,ClientManager::new
DA:43,0
DA:47,0
DA:48,0
DA:49,0
DA:50,0
DA:51,0
DA:52,0
DA:53,0
DA:54,0
DA:55,0
DA:56,0
LF:11
LH:0
end_of_record
TN:
SF:/home/freiheit/git/ciao.systems/rite/custom/plugins/ciao/ciao-rs/target/generated/ciao/ciao.accounts.rs
FN:245,account_service_client::AccountServiceClient<tonic::transport::Channel>::connect
FN:256,account_service_client::AccountServiceClient<T>::new
FN:260,account_service_client::AccountServiceClient<T>::with_origin
FN:264,account_service_client::AccountServiceClient<T>::with_interceptor
FN:288,account_service_client::AccountServiceClient<T>::send_compressed
FN:294,account_service_client::AccountServiceClient<T>::accept_compressed
FN:302,account_service_client::AccountServiceClient<T>::max_decoding_message_size
FN:310,account_service_client::AccountServiceClient<T>::max_encoding_message_size
FN:317,account_service_client::AccountServiceClient<T>::get
FN:341,account_service_client::AccountServiceClient<T>::list
FN:368,account_service_client::AccountServiceClient<T>::create
FN:396,account_service_client::AccountServiceClient<T>::update
FN:421,account_service_client::AccountServiceClient<T>::delete
FN:447,account_service_client::AccountServiceClient<T>::get_personal_mobile_actions
FN:479,account_service_client::AccountServiceClient<T>::get_version
FN:506,account_service_client::AccountServiceClient<T>::list_versions
FN:533,account_service_client::AccountServiceClient<T>::create_version
FN:562,account_service_client::AccountServiceClient<T>::update_version
FN:591,account_service_client::AccountServiceClient<T>::delete_version
FN:743,account_service_server::AccountServiceServer<T>::new
FN:746,account_service_server::AccountServiceServer<T>::from_arc
FN:762,account_service_server::AccountServiceServer<T>::with_interceptor
FN:766,account_service_server::AccountServiceServer<T>::accept_compressed
FN:772,account_service_server::AccountServiceServer<T>::send_compressed
FN:780,account_service_server::AccountServiceServer<T>::max_decoding_message_size
FN:788,account_service_server::AccountServiceServer<T>::max_encoding_message_size
FN:806,account_service_server::<impl Service for AccountServiceServer<T>>::poll_ready
FN:808,account_service_server::<impl Service for AccountServiceServer<T>>::call
FN:821,account_service_server::<impl Service for AccountServiceServer<T>>::call::<impl UnaryService for GetSvc<T>>::call
FN:867,account_service_server::<impl Service for AccountServiceServer<T>>::call::<impl ServerStreamingService for ListSvc<T>>::call
FN:912,account_service_server::<impl Service for AccountServiceServer<T>>::call::<impl UnaryService for CreateSvc<T>>::call
FN:957,account_service_server::<impl Service for AccountServiceServer<T>>::call::<impl UnaryService for UpdateSvc<T>>::call
FN:1002,account_service_server::<impl Service for AccountServiceServer<T>>::call::<impl UnaryService for DeleteSvc<T>>::call
FN:1047,account_service_server::<impl Service for AccountServiceServer<T>>::call::<impl UnaryService for GetPersonalMobileActionsSvc<T>>::call
FN:1096,account_service_server::<impl Service for AccountServiceServer<T>>::call::<impl UnaryService for GetVersionSvc<T>>::call
FN:1142,account_service_server::<impl Service for AccountServiceServer<T>>::call::<impl ServerStreamingService for ListVersionsSvc<T>>::call
FN:1187,account_service_server::<impl Service for AccountServiceServer<T>>::call::<impl UnaryService for CreateVersionSvc<T>>::call
FN:1232,account_service_server::<impl Service for AccountServiceServer<T>>::call::<impl UnaryService for UpdateVersionSvc<T>>::call
FN:1277,account_service_server::<impl Service for AccountServiceServer<T>>::call::<impl UnaryService for DeleteVersionSvc<T>>::call
FN:1331,account_service_server::<impl Clone for AccountServiceServer<T>>::clone
FNF:40
FNDA:0,account_service_client::AccountServiceClient<tonic::transport::Channel>::connect
FNDA:0,account_service_client::AccountServiceClient<T>::new
FNDA:0,account_service_client::AccountServiceClient<T>::with_origin
FNDA:0,account_service_client::AccountServiceClient<T>::with_interceptor
FNDA:0,account_service_client::AccountServiceClient<T>::send_compressed
FNDA:0,account_service_client::AccountServiceClient<T>::accept_compressed
FNDA:0,account_service_client::AccountServiceClient<T>::max_decoding_message_size
FNDA:0,account_service_client::AccountServiceClient<T>::max_encoding_message_size
FNDA:0,account_service_client::AccountServiceClient<T>::get
FNDA:0,account_service_client::AccountServiceClient<T>::list
FNDA:0,account_service_client::AccountServiceClient<T>::create
FNDA:0,account_service_client::AccountServiceClient<T>::update
FNDA:0,account_service_client::AccountServiceClient<T>::delete
FNDA:0,account_service_client::AccountServiceClient<T>::get_personal_mobile_actions
FNDA:0,account_service_client::AccountServiceClient<T>::get_version
FNDA:0,account_service_client::AccountServiceClient<T>::list_versions
FNDA:0,account_service_client::AccountServiceClient<T>::create_version
FNDA:0,account_service_client::AccountServiceClient<T>::update_version
FNDA:0,account_service_client::AccountServiceClient<T>::delete_version
FNDA:0,account_service_server::AccountServiceServer<T>::new
FNDA:0,account_service_server::AccountServiceServer<T>::from_arc
FNDA:0,account_service_server::AccountServiceServer<T>::with_interceptor
FNDA:0,account_service_server::AccountServiceServer<T>::accept_compressed
FNDA:0,account_service_server::AccountServiceServer<T>::send_compressed
FNDA:0,account_service_server::AccountServiceServer<T>::max_decoding_message_size
FNDA:0,account_service_server::AccountServiceServer<T>::max_encoding_message_size
FNDA:0,account_service_server::<impl Service for AccountServiceServer<T>>::poll_ready
FNDA:0,account_service_server::<impl Service for AccountServiceServer<T>>::call
FNDA:0,account_service_server::<impl Service for AccountServiceServer<T>>::call::<impl UnaryService for GetSvc<T>>::call
FNDA:0,account_service_server::<impl Service for AccountServiceServer<T>>::call::<impl ServerStreamingService for ListSvc<T>>::call
FNDA:0,account_service_server::<impl Service for AccountServiceServer<T>>::call::<impl UnaryService for CreateSvc<T>>::call
FNDA:0,account_service_server::<impl Service for AccountServiceServer<T>>::call::<impl UnaryService for UpdateSvc<T>>::call
FNDA:0,account_service_server::<impl Service for AccountServiceServer<T>>::call::<impl UnaryService for DeleteSvc<T>>::call
FNDA:0,account_service_server::<impl Service for AccountServiceServer<T>>::call::<impl UnaryService for GetPersonalMobileActionsSvc<T>>::call
FNDA:0,account_service_server::<impl Service for AccountServiceServer<T>>::call::<impl UnaryService for GetVersionSvc<T>>::call
FNDA:0,account_service_server::<impl Service for AccountServiceServer<T>>::call::<impl ServerStreamingService for ListVersionsSvc<T>>::call
FNDA:0,account_service_server::<impl Service for AccountServiceServer<T>>::call::<impl UnaryService for CreateVersionSvc<T>>::call
FNDA:0,account_service_server::<impl Service for AccountServiceServer<T>>::call::<impl UnaryService for UpdateVersionSvc<T>>::call
FNDA:0,account_service_server::<impl Service for AccountServiceServer<T>>::call::<impl UnaryService for DeleteVersionSvc<T>>::call
FNDA:0,account_service_server::<impl Clone for AccountServiceServer<T>>::clone
DA:245,0
DA:246,0
DA:256,0
DA:257,0
DA:260,0
DA:261,0
DA:264,0
DA:281,0
DA:288,0
DA:289,0
DA:290,0
DA:294,0
DA:295,0
DA:296,0
DA:302,0
DA:303,0
DA:304,0
DA:310,0
DA:311,0
DA:312,0
DA:317,0
DA:321,0
DA:323,0
DA:324,0
DA:325,0
DA:326,0
DA:329,0
DA:333,0
DA:334,0
DA:335,0
DA:336,0
DA:341,0
DA:348,0
DA:350,0
DA:351,0
DA:352,0
DA:353,0
DA:356,0
DA:360,0
DA:361,0
DA:362,0
DA:363,0
DA:368,0
DA:372,0
DA:374,0
DA:375,0
DA:376,0
DA:377,0
DA:380,0
DA:384,0
DA:385,0
DA:386,0
DA:387,0
DA:396,0
DA:398,0
DA:399,0
DA:400,0
DA:401,0
DA:404,0
DA:408,0
DA:409,0
DA:410,0
DA:411,0
DA:421,0
DA:423,0
DA:424,0
DA:425,0
DA:426,0
DA:429,0
DA:433,0
DA:434,0
DA:435,0
DA:436,0
DA:447,0
DA:449,0
DA:450,0
DA:451,0
DA:452,0
DA:455,0
DA:459,0
DA:460,0
DA:462,0
DA:463,0
DA:464,0
DA:467,0
DA:479,0
DA:481,0
DA:482,0
DA:483,0
DA:484,0
DA:487,0
DA:491,0
DA:492,0
DA:493,0
DA:494,0
DA:506,0
DA:508,0
DA:509,0
DA:510,0
DA:511,0
DA:514,0
DA:518,0
DA:519,0
DA:520,0
DA:521,0
DA:533,0
DA:535,0
DA:536,0
DA:537,0
DA:538,0
DA:541,0
DA:545,0
DA:546,0
DA:548,0
DA:550,0
DA:562,0
DA:564,0
DA:565,0
DA:566,0
DA:567,0
DA:570,0
DA:574,0
DA:575,0
DA:577,0
DA:579,0
DA:591,0
DA:593,0
DA:594,0
DA:595,0
DA:596,0
DA:599,0
DA:603,0
DA:604,0
DA:606,0
DA:608,0
DA:743,0
DA:744,0
DA:746,0
DA:749,0
DA:750,0
DA:762,0
DA:766,0
DA:767,0
DA:768,0
DA:772,0
DA:773,0
DA:774,0
DA:780,0
DA:781,0
DA:782,0
DA:788,0
DA:789,0
DA:790,0
DA:806,0
DA:808,0
DA:809,0
DA:810,0
DA:813,0
DA:814,0
DA:815,0
DA:821,0
DA:825,0
DA:826,0
DA:827,0
DA:829,0
DA:832,0
DA:833,0
DA:834,0
DA:835,0
DA:836,0
DA:837,0
DA:838,0
DA:839,0
DA:840,0
DA:842,0
DA:843,0
DA:846,0
DA:847,0
DA:849,0
DA:850,0
DA:852,0
DA:854,0
DA:857,0
DA:858,0
DA:859,0
DA:860,0
DA:867,0
DA:871,0
DA:872,0
DA:873,0
DA:875,0
DA:878,0
DA:879,0
DA:880,0
DA:881,0
DA:882,0
DA:883,0
DA:884,0
DA:885,0
DA:886,0
DA:888,0
DA:889,0
DA:892,0
DA:893,0
DA:895,0
DA:896,0
DA:898,0
DA:900,0
DA:903,0
DA:904,0
DA:905,0
DA:906,0
DA:912,0
DA:916,0
DA:917,0
DA:918,0
DA:920,0
DA:923,0
DA:924,0
DA:925,0
DA:926,0
DA:927,0
DA:928,0
DA:929,0
DA:930,0
DA:931,0
DA:933,0
DA:934,0
DA:937,0
DA:938,0
DA:940,0
DA:941,0
DA:943,0
DA:945,0
DA:948,0
DA:949,0
DA:950,0
DA:951,0
DA:957,0
DA:961,0
DA:962,0
DA:963,0
DA:965,0
DA:968,0
DA:969,0
DA:970,0
DA:971,0
DA:972,0
DA:973,0
DA:974,0
DA:975,0
DA:976,0
DA:978,0
DA:979,0
DA:982,0
DA:983,0
DA:985,0
DA:986,0
DA:988,0
DA:990,0
DA:993,0
DA:994,0
DA:995,0
DA:996,0
DA:1002,0
DA:1006,0
DA:1007,0
DA:1008,0
DA:1010,0
DA:1013,0
DA:1014,0
DA:1015,0
DA:1016,0
DA:1017,0
DA:1018,0
DA:1019,0
DA:1020,0
DA:1021,0
DA:1023,0
DA:1024,0
DA:1027,0
DA:1028,0
DA:1030,0
DA:1031,0
DA:1033,0
DA:1035,0
DA:1038,0
DA:1039,0
DA:1040,0
DA:1041,0
DA:1047,0
DA:1051,0
DA:1052,0
DA:1054,0
DA:1055,0
DA:1057,0
DA:1059,0
DA:1062,0
DA:1063,0
DA:1064,0
DA:1065,0
DA:1066,0
DA:1067,0
DA:1068,0
DA:1069,0
DA:1070,0
DA:1072,0
DA:1073,0
DA:1076,0
DA:1077,0
DA:1079,0
DA:1080,0
DA:1082,0
DA:1084,0
DA:1087,0
DA:1088,0
DA:1089,0
DA:1090,0
DA:1096,0
DA:1100,0
DA:1101,0
DA:1102,0
DA:1104,0
DA:1107,0
DA:1108,0
DA:1109,0
DA:1110,0
DA:1111,0
DA:1112,0
DA:1113,0
DA:1114,0
DA:1115,0
DA:1117,0
DA:1118,0
DA:1121,0
DA:1122,0
DA:1124,0
DA:1125,0
DA:1127,0
DA:1129,0
DA:1132,0
DA:1133,0
DA:1134,0
DA:1135,0
DA:1142,0
DA:1146,0
DA:1147,0
DA:1148,0
DA:1150,0
DA:1153,0
DA:1154,0
DA:1155,0
DA:1156,0
DA:1157,0
DA:1158,0
DA:1159,0
DA:1160,0
DA:1161,0
DA:1163,0
DA:1164,0
DA:1167,0
DA:1168,0
DA:1170,0
DA:1171,0
DA:1173,0
DA:1175,0
DA:1178,0
DA:1179,0
DA:1180,0
DA:1181,0
DA:1187,0
DA:1191,0
DA:1192,0
DA:1193,0
DA:1195,0
DA:1198,0
DA:1199,0
DA:1200,0
DA:1201,0
DA:1202,0
DA:1203,0
DA:1204,0
DA:1205,0
DA:1206,0
DA:1208,0
DA:1209,0
DA:1212,0
DA:1213,0
DA:1215,0
DA:1216,0
DA:1218,0
DA:1220,0
DA:1223,0
DA:1224,0
DA:1225,0
DA:1226,0
DA:1232,0
DA:1236,0
DA:1237,0
DA:1238,0
DA:1240,0
DA:1243,0
DA:1244,0
DA:1245,0
DA:1246,0
DA:1247,0
DA:1248,0
DA:1249,0
DA:1250,0
DA:1251,0
DA:1253,0
DA:1254,0
DA:1257,0
DA:1258,0
DA:1260,0
DA:1261,0
DA:1263,0
DA:1265,0
DA:1268,0
DA:1269,0
DA:1270,0
DA:1271,0
DA:1277,0
DA:1281,0
DA:1282,0
DA:1283,0
DA:1285,0
DA:1288,0
DA:1289,0
DA:1290,0
DA:1291,0
DA:1292,0
DA:1293,0
DA:1294,0
DA:1295,0
DA:1296,0
DA:1298,0
DA:1299,0
DA:1302,0
DA:1303,0
DA:1305,0
DA:1306,0
DA:1308,0
DA:1310,0
DA:1311,0
DA:1312,0
DA:1313,0
DA:1314,0
DA:1315,0
DA:1316,0
DA:1317,0
DA:1319,0
DA:1320,0
DA:1321,0
DA:1322,0
DA:1324,0
DA:1331,0
DA:1332,0
DA:1335,0
DA:1336,0
DA:1337,0
DA:1338,0
LF:462
LH:0
end_of_record
TN:
SF:/home/freiheit/git/ciao.systems/rite/custom/plugins/ciao/ciao-rs/target/generated/ciao/ciao.core.auth.rs
FN:49,authentication_service_client::AuthenticationServiceClient<tonic::transport::Channel>::connect
FN:60,authentication_service_client::AuthenticationServiceClient<T>::new
FN:64,authentication_service_client::AuthenticationServiceClient<T>::with_origin
FN:68,authentication_service_client::AuthenticationServiceClient<T>::with_interceptor
FN:92,authentication_service_client::AuthenticationServiceClient<T>::send_compressed
FN:98,authentication_service_client::AuthenticationServiceClient<T>::accept_compressed
FN:106,authentication_service_client::AuthenticationServiceClient<T>::max_decoding_message_size
FN:114,authentication_service_client::AuthenticationServiceClient<T>::max_encoding_message_size
FN:119,authentication_service_client::AuthenticationServiceClient<T>::login
FN:173,authentication_service_server::AuthenticationServiceServer<T>::new
FN:176,authentication_service_server::AuthenticationServiceServer<T>::from_arc
FN:192,authentication_service_server::AuthenticationServiceServer<T>::with_interceptor
FN:196,authentication_service_server::AuthenticationServiceServer<T>::accept_compressed
FN:202,authentication_service_server::AuthenticationServiceServer<T>::send_compressed
FN:210,authentication_service_server::AuthenticationServiceServer<T>::max_decoding_message_size
FN:218,authentication_service_server::AuthenticationServiceServer<T>::max_encoding_message_size
FN:237,authentication_service_server::<impl Service for AuthenticationServiceServer<T>>::poll_ready
FN:239,authentication_service_server::<impl Service for AuthenticationServiceServer<T>>::call
FN:252,authentication_service_server::<impl Service for AuthenticationServiceServer<T>>::call::<impl UnaryService for LoginSvc<T>>::call
FN:306,authentication_service_server::<impl Clone for AuthenticationServiceServer<T>>::clone
FNF:20
FNDA:0,authentication_service_client::AuthenticationServiceClient<tonic::transport::Channel>::connect
FNDA:0,authentication_service_client::AuthenticationServiceClient<T>::new
FNDA:0,authentication_service_client::AuthenticationServiceClient<T>::with_origin
FNDA:0,authentication_service_client::AuthenticationServiceClient<T>::with_interceptor
FNDA:0,authentication_service_client::AuthenticationServiceClient<T>::send_compressed
FNDA:0,authentication_service_client::AuthenticationServiceClient<T>::accept_compressed
FNDA:0,authentication_service_client::AuthenticationServiceClient<T>::max_decoding_message_size
FNDA:0,authentication_service_client::AuthenticationServiceClient<T>::max_encoding_message_size
FNDA:0,authentication_service_client::AuthenticationServiceClient<T>::login
FNDA:0,authentication_service_server::AuthenticationServiceServer<T>::new
FNDA:0,authentication_service_server::AuthenticationServiceServer<T>::from_arc
FNDA:0,authentication_service_server::AuthenticationServiceServer<T>::with_interceptor
FNDA:0,authentication_service_server::AuthenticationServiceServer<T>::accept_compressed
FNDA:0,authentication_service_server::AuthenticationServiceServer<T>::send_compressed
FNDA:0,authentication_service_server::AuthenticationServiceServer<T>::max_decoding_message_size
FNDA:0,authentication_service_server::AuthenticationServiceServer<T>::max_encoding_message_size
FNDA:0,authentication_service_server::<impl Service for AuthenticationServiceServer<T>>::poll_ready
FNDA:0,authentication_service_server::<impl Service for AuthenticationServiceServer<T>>::call
FNDA:0,authentication_service_server::<impl Service for AuthenticationServiceServer<T>>::call::<impl UnaryService for LoginSvc<T>>::call
FNDA:0,authentication_service_server::<impl Clone for AuthenticationServiceServer<T>>::clone
DA:49,0
DA:50,0
DA:60,0
DA:61,0
DA:64,0
DA:65,0
DA:68,0
DA:85,0
DA:92,0
DA:93,0
DA:94,0
DA:98,0
DA:99,0
DA:100,0
DA:106,0
DA:107,0
DA:108,0
DA:114,0
DA:115,0
DA:116,0
DA:119,0
DA:123,0
DA:125,0
DA:126,0
DA:127,0
DA:128,0
DA:131,0
DA:135,0
DA:136,0
DA:138,0
DA:140,0
DA:173,0
DA:174,0
DA:176,0
DA:179,0
DA:180,0
DA:192,0
DA:196,0
DA:197,0
DA:198,0
DA:202,0
DA:203,0
DA:204,0
DA:210,0
DA:211,0
DA:212,0
DA:218,0
DA:219,0
DA:220,0
DA:237,0
DA:239,0
DA:240,0
DA:241,0
DA:244,0
DA:245,0
DA:246,0
DA:252,0
DA:256,0
DA:257,0
DA:258,0
DA:260,0
DA:263,0
DA:264,0
DA:265,0
DA:266,0
DA:267,0
DA:268,0
DA:269,0
DA:270,0
DA:271,0
DA:273,0
DA:274,0
DA:277,0
DA:278,0
DA:280,0
DA:281,0
DA:283,0
DA:285,0
DA:286,0
DA:287,0
DA:288,0
DA:289,0
DA:290,0
DA:291,0
DA:292,0
DA:294,0
DA:295,0
DA:296,0
DA:297,0
DA:299,0
DA:306,0
DA:307,0
DA:310,0
DA:311,0
DA:312,0
DA:313,0
LF:96
LH:0
end_of_record
TN:
SF:/home/freiheit/git/ciao.systems/rite/custom/plugins/ciao/ciao-rs/target/generated/ciao/ciao.core.config.rs
FN:49,configuration_service_client::ConfigurationServiceClient<tonic::transport::Channel>::connect
FN:60,configuration_service_client::ConfigurationServiceClient<T>::new
FN:64,configuration_service_client::ConfigurationServiceClient<T>::with_origin
FN:68,configuration_service_client::ConfigurationServiceClient<T>::with_interceptor
FN:92,configuration_service_client::ConfigurationServiceClient<T>::send_compressed
FN:98,configuration_service_client::ConfigurationServiceClient<T>::accept_compressed
FN:106,configuration_service_client::ConfigurationServiceClient<T>::max_decoding_message_size
FN:114,configuration_service_client::ConfigurationServiceClient<T>::max_encoding_message_size
FN:119,configuration_service_client::ConfigurationServiceClient<T>::get_configuration_values
FN:156,configuration_service_client::ConfigurationServiceClient<T>::get_server_info
FN:219,configuration_service_server::ConfigurationServiceServer<T>::new
FN:222,configuration_service_server::ConfigurationServiceServer<T>::from_arc
FN:238,configuration_service_server::ConfigurationServiceServer<T>::with_interceptor
FN:242,configuration_service_server::ConfigurationServiceServer<T>::accept_compressed
FN:248,configuration_service_server::ConfigurationServiceServer<T>::send_compressed
FN:256,configuration_service_server::ConfigurationServiceServer<T>::max_decoding_message_size
FN:264,configuration_service_server::ConfigurationServiceServer<T>::max_encoding_message_size
FN:283,configuration_service_server::<impl Service for ConfigurationServiceServer<T>>::poll_ready
FN:285,configuration_service_server::<impl Service for ConfigurationServiceServer<T>>::call
FN:301,configuration_service_server::<impl Service for ConfigurationServiceServer<T>>::call::<impl UnaryService for GetConfigurationValuesSvc<T>>::call
FN:350,configuration_service_server::<impl Service for ConfigurationServiceServer<T>>::call::<impl UnaryService for GetServerInfoSvc<T>>::call
FN:408,configuration_service_server::<impl Clone for ConfigurationServiceServer<T>>::clone
FNF:22
FNDA:0,configuration_service_client::ConfigurationServiceClient<tonic::transport::Channel>::connect
FNDA:0,configuration_service_client::ConfigurationServiceClient<T>::new
FNDA:0,configuration_service_client::ConfigurationServiceClient<T>::with_origin
FNDA:0,configuration_service_client::ConfigurationServiceClient<T>::with_interceptor
FNDA:0,configuration_service_client::ConfigurationServiceClient<T>::send_compressed
FNDA:0,configuration_service_client::ConfigurationServiceClient<T>::accept_compressed
FNDA:0,configuration_service_client::ConfigurationServiceClient<T>::max_decoding_message_size
FNDA:0,configuration_service_client::ConfigurationServiceClient<T>::max_encoding_message_size
FNDA:0,configuration_service_client::ConfigurationServiceClient<T>::get_configuration_values
FNDA:0,configuration_service_client::ConfigurationServiceClient<T>::get_server_info
FNDA:0,configuration_service_server::ConfigurationServiceServer<T>::new
FNDA:0,configuration_service_server::ConfigurationServiceServer<T>::from_arc
FNDA:0,configuration_service_server::ConfigurationServiceServer<T>::with_interceptor
FNDA:0,configuration_service_server::ConfigurationServiceServer<T>::accept_compressed
FNDA:0,configuration_service_server::ConfigurationServiceServer<T>::send_compressed
FNDA:0,configuration_service_server::ConfigurationServiceServer<T>::max_decoding_message_size
FNDA:0,configuration_service_server::ConfigurationServiceServer<T>::max_encoding_message_size
FNDA:0,configuration_service_server::<impl Service for ConfigurationServiceServer<T>>::poll_ready
FNDA:0,configuration_service_server::<impl Service for ConfigurationServiceServer<T>>::call
FNDA:0,configuration_service_server::<impl Service for ConfigurationServiceServer<T>>::call::<impl UnaryService for GetConfigurationValuesSvc<T>>::call
FNDA:0,configuration_service_server::<impl Service for ConfigurationServiceServer<T>>::call::<impl UnaryService for GetServerInfoSvc<T>>::call
FNDA:0,configuration_service_server::<impl Clone for ConfigurationServiceServer<T>>::clone
DA:49,0
DA:50,0
DA:60,0
DA:61,0
DA:64,0
DA:65,0
DA:68,0
DA:85,0
DA:92,0
DA:93,0
DA:94,0
DA:98,0
DA:99,0
DA:100,0
DA:106,0
DA:107,0
DA:108,0
DA:114,0
DA:115,0
DA:116,0
DA:119,0
DA:126,0
DA:128,0
DA:129,0
DA:130,0
DA:131,0
DA:134,0
DA:138,0
DA:139,0
DA:141,0
DA:142,0
DA:143,0
DA:146,0
DA:156,0
DA:158,0
DA:159,0
DA:160,0
DA:161,0
DA:164,0
DA:168,0
DA:169,0
DA:171,0
DA:172,0
DA:173,0
DA:176,0
DA:219,0
DA:220,0
DA:222,0
DA:225,0
DA:226,0
DA:238,0
DA:242,0
DA:243,0
DA:244,0
DA:248,0
DA:249,0
DA:250,0
DA:256,0
DA:257,0
DA:258,0
DA:264,0
DA:265,0
DA:266,0
DA:283,0
DA:285,0
DA:286,0
DA:287,0
DA:292,0
DA:293,0
DA:294,0
DA:295,0
DA:301,0
DA:305,0
DA:306,0
DA:308,0
DA:309,0
DA:311,0
DA:313,0
DA:316,0
DA:317,0
DA:318,0
DA:319,0
DA:320,0
DA:321,0
DA:322,0
DA:323,0
DA:324,0
DA:326,0
DA:327,0
DA:330,0
DA:331,0
DA:333,0
DA:334,0
DA:336,0
DA:338,0
DA:341,0
DA:342,0
DA:343,0
DA:344,0
DA:350,0
DA:354,0
DA:355,0
DA:357,0
DA:358,0
DA:360,0
DA:362,0
DA:365,0
DA:366,0
DA:367,0
DA:368,0
DA:369,0
DA:370,0
DA:371,0
DA:372,0
DA:373,0
DA:375,0
DA:376,0
DA:379,0
DA:380,0
DA:382,0
DA:383,0
DA:385,0
DA:387,0
DA:388,0
DA:389,0
DA:390,0
DA:391,0
DA:392,0
DA:393,0
DA:394,0
DA:396,0
DA:397,0
DA:398,0
DA:399,0
DA:401,0
DA:408,0
DA:409,0
DA:412,0
DA:413,0
DA:414,0
DA:415,0
LF:141
LH:0
end_of_record
TN:
SF:/home/freiheit/git/ciao.systems/rite/custom/plugins/ciao/ciao-rs/target/generated/ciao/ciao.devices.rs
FN:79,DeviceType::as_str_name
FN:87,DeviceType::from_str_name
FN:108,DeviceActionType::as_str_name
FN:115,DeviceActionType::from_str_name
FN:208,device_service_client::DeviceServiceClient<tonic::transport::Channel>::connect
FN:219,device_service_client::DeviceServiceClient<T>::new
FN:223,device_service_client::DeviceServiceClient<T>::with_origin
FN:227,device_service_client::DeviceServiceClient<T>::with_interceptor
FN:251,device_service_client::DeviceServiceClient<T>::send_compressed
FN:257,device_service_client::DeviceServiceClient<T>::accept_compressed
FN:265,device_service_client::DeviceServiceClient<T>::max_decoding_message_size
FN:273,device_service_client::DeviceServiceClient<T>::max_encoding_message_size
FN:282,device_service_client::DeviceServiceClient<T>::get
FN:300,device_service_client::DeviceServiceClient<T>::list
FN:329,device_service_client::DeviceServiceClient<T>::create
FN:351,device_service_client::DeviceServiceClient<T>::update
FN:373,device_service_client::DeviceServiceClient<T>::delete
FN:391,device_service_client::DeviceServiceClient<T>::get_device_configuration
FN:485,device_service_server::DeviceServiceServer<T>::new
FN:488,device_service_server::DeviceServiceServer<T>::from_arc
FN:504,device_service_server::DeviceServiceServer<T>::with_interceptor
FN:508,device_service_server::DeviceServiceServer<T>::accept_compressed
FN:514,device_service_server::DeviceServiceServer<T>::send_compressed
FN:522,device_service_server::DeviceServiceServer<T>::max_decoding_message_size
FN:530,device_service_server::DeviceServiceServer<T>::max_encoding_message_size
FN:548,device_service_server::<impl Service for DeviceServiceServer<T>>::poll_ready
FN:550,device_service_server::<impl Service for DeviceServiceServer<T>>::call
FN:562,device_service_server::<impl Service for DeviceServiceServer<T>>::call::<impl UnaryService for GetSvc<T>>::call
FN:608,device_service_server::<impl Service for DeviceServiceServer<T>>::call::<impl ServerStreamingService for ListSvc<T>>::call
FN:653,device_service_server::<impl Service for DeviceServiceServer<T>>::call::<impl UnaryService for CreateSvc<T>>::call
FN:698,device_service_server::<impl Service for DeviceServiceServer<T>>::call::<impl UnaryService for UpdateSvc<T>>::call
FN:743,device_service_server::<impl Service for DeviceServiceServer<T>>::call::<impl UnaryService for DeleteSvc<T>>::call
FN:788,device_service_server::<impl Service for DeviceServiceServer<T>>::call::<impl UnaryService for GetDeviceConfigurationSvc<T>>::call
FN:846,device_service_server::<impl Clone for DeviceServiceServer<T>>::clone
FNF:34
FNDA:0,DeviceType::as_str_name
FNDA:0,DeviceType::from_str_name
FNDA:0,DeviceActionType::as_str_name
FNDA:0,DeviceActionType::from_str_name
FNDA:0,device_service_client::DeviceServiceClient<tonic::transport::Channel>::connect
FNDA:0,device_service_client::DeviceServiceClient<T>::new
FNDA:0,device_service_client::DeviceServiceClient<T>::with_origin
FNDA:0,device_service_client::DeviceServiceClient<T>::with_interceptor
FNDA:0,device_service_client::DeviceServiceClient<T>::send_compressed
FNDA:0,device_service_client::DeviceServiceClient<T>::accept_compressed
FNDA:0,device_service_client::DeviceServiceClient<T>::max_decoding_message_size
FNDA:0,device_service_client::DeviceServiceClient<T>::max_encoding_message_size
FNDA:0,device_service_client::DeviceServiceClient<T>::get
FNDA:0,device_service_client::DeviceServiceClient<T>::list
FNDA:0,device_service_client::DeviceServiceClient<T>::create
FNDA:0,device_service_client::DeviceServiceClient<T>::update
FNDA:0,device_service_client::DeviceServiceClient<T>::delete
FNDA:0,device_service_client::DeviceServiceClient<T>::get_device_configuration
FNDA:0,device_service_server::DeviceServiceServer<T>::new
FNDA:0,device_service_server::DeviceServiceServer<T>::from_arc
FNDA:0,device_service_server::DeviceServiceServer<T>::with_interceptor
FNDA:0,device_service_server::DeviceServiceServer<T>::accept_compressed
FNDA:0,device_service_server::DeviceServiceServer<T>::send_compressed
FNDA:0,device_service_server::DeviceServiceServer<T>::max_decoding_message_size
FNDA:0,device_service_server::DeviceServiceServer<T>::max_encoding_message_size
FNDA:0,device_service_server::<impl Service for DeviceServiceServer<T>>::poll_ready
FNDA:0,device_service_server::<impl Service for DeviceServiceServer<T>>::call
FNDA:0,device_service_server::<impl Service for DeviceServiceServer<T>>::call::<impl UnaryService for GetSvc<T>>::call
FNDA:0,device_service_server::<impl Service for DeviceServiceServer<T>>::call::<impl ServerStreamingService for ListSvc<T>>::call
FNDA:0,device_service_server::<impl Service for DeviceServiceServer<T>>::call::<impl UnaryService for CreateSvc<T>>::call
FNDA:0,device_service_server::<impl Service for DeviceServiceServer<T>>::call::<impl UnaryService for UpdateSvc<T>>::call
FNDA:0,device_service_server::<impl Service for DeviceServiceServer<T>>::call::<impl UnaryService for DeleteSvc<T>>::call
FNDA:0,device_service_server::<impl Service for DeviceServiceServer<T>>::call::<impl UnaryService for GetDeviceConfigurationSvc<T>>::call
FNDA:0,device_service_server::<impl Clone for DeviceServiceServer<T>>::clone
DA:79,0
DA:80,0
DA:81,0
DA:82,0
DA:83,0
DA:87,0
DA:89,0
DA:90,0
DA:91,0
DA:92,0
DA:108,0
DA:109,0
DA:110,0
DA:111,0
DA:115,0
DA:117,0
DA:118,0
DA:119,0
DA:208,0
DA:209,0
DA:219,0
DA:220,0
DA:223,0
DA:224,0
DA:227,0
DA:244,0
DA:251,0
DA:252,0
DA:253,0
DA:257,0
DA:258,0
DA:259,0
DA:265,0
DA:266,0
DA:267,0
DA:273,0
DA:274,0
DA:275,0
DA:282,0
DA:284,0
DA:285,0
DA:286,0
DA:287,0
DA:290,0
DA:294,0
DA:295,0
DA:296,0
DA:297,0
DA:300,0
DA:307,0
DA:309,0
DA:310,0
DA:311,0
DA:312,0
DA:315,0
DA:319,0
DA:320,0
DA:321,0
DA:322,0
DA:329,0
DA:331,0
DA:332,0
DA:333,0
DA:334,0
DA:337,0
DA:341,0
DA:342,0
DA:343,0
DA:344,0
DA:351,0
DA:353,0
DA:354,0
DA:355,0
DA:356,0
DA:359,0
DA:363,0
DA:364,0
DA:365,0
DA:366,0
DA:373,0
DA:375,0
DA:376,0
DA:377,0
DA:378,0
DA:381,0
DA:385,0
DA:386,0
DA:387,0
DA:388,0
DA:391,0
DA:398,0
DA:400,0
DA:401,0
DA:402,0
DA:403,0
DA:406,0
DA:410,0
DA:411,0
DA:413,0
DA:414,0
DA:415,0
DA:418,0
DA:485,0
DA:486,0
DA:488,0
DA:491,0
DA:492,0
DA:504,0
DA:508,0
DA:509,0
DA:510,0
DA:514,0
DA:515,0
DA:516,0
DA:522,0
DA:523,0
DA:524,0
DA:530,0
DA:531,0
DA:532,0
DA:548,0
DA:550,0
DA:551,0
DA:552,0
DA:555,0
DA:556,0
DA:562,0
DA:566,0
DA:567,0
DA:568,0
DA:570,0
DA:573,0
DA:574,0
DA:575,0
DA:576,0
DA:577,0
DA:578,0
DA:579,0
DA:580,0
DA:581,0
DA:583,0
DA:584,0
DA:587,0
DA:588,0
DA:590,0
DA:591,0
DA:593,0
DA:595,0
DA:598,0
DA:599,0
DA:600,0
DA:601,0
DA:608,0
DA:612,0
DA:613,0
DA:614,0
DA:616,0
DA:619,0
DA:620,0
DA:621,0
DA:622,0
DA:623,0
DA:624,0
DA:625,0
DA:626,0
DA:627,0
DA:629,0
DA:630,0
DA:633,0
DA:634,0
DA:636,0
DA:637,0
DA:639,0
DA:641,0
DA:644,0
DA:645,0
DA:646,0
DA:647,0
DA:653,0
DA:657,0
DA:658,0
DA:659,0
DA:661,0
DA:664,0
DA:665,0
DA:666,0
DA:667,0
DA:668,0
DA:669,0
DA:670,0
DA:671,0
DA:672,0
DA:674,0
DA:675,0
DA:678,0
DA:679,0
DA:681,0
DA:682,0
DA:684,0
DA:686,0
DA:689,0
DA:690,0
DA:691,0
DA:692,0
DA:698,0
DA:702,0
DA:703,0
DA:704,0
DA:706,0
DA:709,0
DA:710,0
DA:711,0
DA:712,0
DA:713,0
DA:714,0
DA:715,0
DA:716,0
DA:717,0
DA:719,0
DA:720,0
DA:723,0
DA:724,0
DA:726,0
DA:727,0
DA:729,0
DA:731,0
DA:734,0
DA:735,0
DA:736,0
DA:737,0
DA:743,0
DA:747,0
DA:748,0
DA:749,0
DA:751,0
DA:754,0
DA:755,0
DA:756,0
DA:757,0
DA:758,0
DA:759,0
DA:760,0
DA:761,0
DA:762,0
DA:764,0
DA:765,0
DA:768,0
DA:769,0
DA:771,0
DA:772,0
DA:774,0
DA:776,0
DA:779,0
DA:780,0
DA:781,0
DA:782,0
DA:788,0
DA:792,0
DA:793,0
DA:795,0
DA:796,0
DA:798,0
DA:800,0
DA:803,0
DA:804,0
DA:805,0
DA:806,0
DA:807,0
DA:808,0
DA:809,0
DA:810,0
DA:811,0
DA:813,0
DA:814,0
DA:817,0
DA:818,0
DA:820,0
DA:821,0
DA:823,0
DA:825,0
DA:826,0
DA:827,0
DA:828,0
DA:829,0
DA:830,0
DA:831,0
DA:832,0
DA:834,0
DA:835,0
DA:836,0
DA:837,0
DA:839,0
DA:846,0
DA:847,0
DA:850,0
DA:851,0
DA:852,0
DA:853,0
LF:298
LH:0
end_of_record
TN:
SF:/home/freiheit/git/ciao.systems/rite/custom/plugins/ciao/ciao-rs/target/generated/ciao/ciao.time_tracking.absences.rs
FN:105,absence_service_client::AbsenceServiceClient<tonic::transport::Channel>::connect
FN:116,absence_service_client::AbsenceServiceClient<T>::new
FN:120,absence_service_client::AbsenceServiceClient<T>::with_origin
FN:141,absence_service_client::AbsenceServiceClient<T>::with_interceptor
FN:148,absence_service_client::AbsenceServiceClient<T>::send_compressed
FN:154,absence_service_client::AbsenceServiceClient<T>::accept_compressed
FN:162,absence_service_client::AbsenceServiceClient<T>::max_decoding_message_size
FN:170,absence_service_client::AbsenceServiceClient<T>::max_encoding_message_size
FN:181,absence_service_client::AbsenceServiceClient<T>::get
FN:208,absence_service_client::AbsenceServiceClient<T>::list
FN:234,absence_service_client::AbsenceServiceClient<T>::create
FN:263,absence_service_client::AbsenceServiceClient<T>::update
FN:293,absence_service_client::AbsenceServiceClient<T>::delete
FN:381,absence_service_server::AbsenceServiceServer<T>::new
FN:384,absence_service_server::AbsenceServiceServer<T>::from_arc
FN:400,absence_service_server::AbsenceServiceServer<T>::with_interceptor
FN:404,absence_service_server::AbsenceServiceServer<T>::accept_compressed
FN:410,absence_service_server::AbsenceServiceServer<T>::send_compressed
FN:418,absence_service_server::AbsenceServiceServer<T>::max_decoding_message_size
FN:426,absence_service_server::AbsenceServiceServer<T>::max_encoding_message_size
FN:444,absence_service_server::<impl Service for AbsenceServiceServer<T>>::poll_ready
FN:446,absence_service_server::<impl Service for AbsenceServiceServer<T>>::call
FN:459,absence_service_server::<impl Service for AbsenceServiceServer<T>>::call::<impl UnaryService for GetSvc<T>>::call
FN:505,absence_service_server::<impl Service for AbsenceServiceServer<T>>::call::<impl ServerStreamingService for ListSvc<T>>::call
FN:550,absence_service_server::<impl Service for AbsenceServiceServer<T>>::call::<impl UnaryService for CreateSvc<T>>::call
FN:595,absence_service_server::<impl Service for AbsenceServiceServer<T>>::call::<impl UnaryService for UpdateSvc<T>>::call
FN:640,absence_service_server::<impl Service for AbsenceServiceServer<T>>::call::<impl UnaryService for DeleteSvc<T>>::call
FN:694,absence_service_server::<impl Clone for AbsenceServiceServer<T>>::clone
FNF:28
FNDA:0,absence_service_client::AbsenceServiceClient<tonic::transport::Channel>::connect
FNDA:0,absence_service_client::AbsenceServiceClient<T>::new
FNDA:0,absence_service_client::AbsenceServiceClient<T>::with_origin
FNDA:0,absence_service_client::AbsenceServiceClient<T>::with_interceptor
FNDA:0,absence_service_client::AbsenceServiceClient<T>::send_compressed
FNDA:0,absence_service_client::AbsenceServiceClient<T>::accept_compressed
FNDA:0,absence_service_client::AbsenceServiceClient<T>::max_decoding_message_size
FNDA:0,absence_service_client::AbsenceServiceClient<T>::max_encoding_message_size
FNDA:0,absence_service_client::AbsenceServiceClient<T>::get
FNDA:0,absence_service_client::AbsenceServiceClient<T>::list
FNDA:0,absence_service_client::AbsenceServiceClient<T>::create
FNDA:0,absence_service_client::AbsenceServiceClient<T>::update
FNDA:0,absence_service_client::AbsenceServiceClient<T>::delete
FNDA:0,absence_service_server::AbsenceServiceServer<T>::new
FNDA:0,absence_service_server::AbsenceServiceServer<T>::from_arc
FNDA:0,absence_service_server::AbsenceServiceServer<T>::with_interceptor
FNDA:0,absence_service_server::AbsenceServiceServer<T>::accept_compressed
FNDA:0,absence_service_server::AbsenceServiceServer<T>::send_compressed
FNDA:0,absence_service_server::AbsenceServiceServer<T>::max_decoding_message_size
FNDA:0,absence_service_server::AbsenceServiceServer<T>::max_encoding_message_size
FNDA:0,absence_service_server::<impl Service for AbsenceServiceServer<T>>::poll_ready
FNDA:0,absence_service_server::<impl Service for AbsenceServiceServer<T>>::call
FNDA:0,absence_service_server::<impl Service for AbsenceServiceServer<T>>::call::<impl UnaryService for GetSvc<T>>::call
FNDA:0,absence_service_server::<impl Service for AbsenceServiceServer<T>>::call::<impl ServerStreamingService for ListSvc<T>>::call
FNDA:0,absence_service_server::<impl Service for AbsenceServiceServer<T>>::call::<impl UnaryService for CreateSvc<T>>::call
FNDA:0,absence_service_server::<impl Service for AbsenceServiceServer<T>>::call::<impl UnaryService for UpdateSvc<T>>::call
FNDA:0,absence_service_server::<impl Service for AbsenceServiceServer<T>>::call::<impl UnaryService for DeleteSvc<T>>::call
FNDA:0,absence_service_server::<impl Clone for AbsenceServiceServer<T>>::clone
DA:105,0
DA:106,0
DA:116,0
DA:117,0
DA:120,0
DA:121,0
DA:141,0
DA:148,0
DA:149,0
DA:150,0
DA:154,0
DA:155,0
DA:156,0
DA:162,0
DA:163,0
DA:164,0
DA:170,0
DA:171,0
DA:172,0
DA:181,0
DA:183,0
DA:184,0
DA:185,0
DA:186,0
DA:189,0
DA:193,0
DA:194,0
DA:196,0
DA:198,0
DA:208,0
DA:210,0
DA:211,0
DA:212,0
DA:213,0
DA:216,0
DA:220,0
DA:221,0
DA:223,0
DA:225,0
DA:234,0
DA:236,0
DA:237,0
DA:238,0
DA:239,0
DA:242,0
DA:246,0
DA:247,0
DA:249,0
DA:250,0
DA:251,0
DA:254,0
DA:263,0
DA:265,0
DA:266,0
DA:267,0
DA:268,0
DA:271,0
DA:275,0
DA:276,0
DA:278,0
DA:279,0
DA:280,0
DA:283,0
DA:293,0
DA:295,0
DA:296,0
DA:297,0
DA:298,0
DA:301,0
DA:305,0
DA:306,0
DA:308,0
DA:309,0
DA:310,0
DA:313,0
DA:381,0
DA:382,0
DA:384,0
DA:387,0
DA:388,0
DA:400,0
DA:404,0
DA:405,0
DA:406,0
DA:410,0
DA:411,0
DA:412,0
DA:418,0
DA:419,0
DA:420,0
DA:426,0
DA:427,0
DA:428,0
DA:444,0
DA:446,0
DA:447,0
DA:448,0
DA:451,0
DA:452,0
DA:453,0
DA:459,0
DA:463,0
DA:464,0
DA:465,0
DA:467,0
DA:470,0
DA:471,0
DA:472,0
DA:473,0
DA:474,0
DA:475,0
DA:476,0
DA:477,0
DA:478,0
DA:480,0
DA:481,0
DA:484,0
DA:485,0
DA:487,0
DA:488,0
DA:490,0
DA:492,0
DA:495,0
DA:496,0
DA:497,0
DA:498,0
DA:505,0
DA:509,0
DA:510,0
DA:511,0
DA:513,0
DA:516,0
DA:517,0
DA:518,0
DA:519,0
DA:520,0
DA:521,0
DA:522,0
DA:523,0
DA:524,0
DA:526,0
DA:527,0
DA:530,0
DA:531,0
DA:533,0
DA:534,0
DA:536,0
DA:538,0
DA:541,0
DA:542,0
DA:543,0
DA:544,0
DA:550,0
DA:554,0
DA:555,0
DA:556,0
DA:558,0
DA:561,0
DA:562,0
DA:563,0
DA:564,0
DA:565,0
DA:566,0
DA:567,0
DA:568,0
DA:569,0
DA:571,0
DA:572,0
DA:575,0
DA:576,0
DA:578,0
DA:579,0
DA:581,0
DA:583,0
DA:586,0
DA:587,0
DA:588,0
DA:589,0
DA:595,0
DA:599,0
DA:600,0
DA:601,0
DA:603,0
DA:606,0
DA:607,0
DA:608,0
DA:609,0
DA:610,0
DA:611,0
DA:612,0
DA:613,0
DA:614,0
DA:616,0
DA:617,0
DA:620,0
DA:621,0
DA:623,0
DA:624,0
DA:626,0
DA:628,0
DA:631,0
DA:632,0
DA:633,0
DA:634,0
DA:640,0
DA:644,0
DA:645,0
DA:646,0
DA:648,0
DA:651,0
DA:652,0
DA:653,0
DA:654,0
DA:655,0
DA:656,0
DA:657,0
DA:658,0
DA:659,0
DA:661,0
DA:662,0
DA:665,0
DA:666,0
DA:668,0
DA:669,0
DA:671,0
DA:673,0
DA:674,0
DA:675,0
DA:676,0
DA:677,0
DA:678,0
DA:679,0
DA:680,0
DA:682,0
DA:683,0
DA:684,0
DA:685,0
DA:687,0
DA:694,0
DA:695,0
DA:698,0
DA:699,0
DA:700,0
DA:701,0
LF:244
LH:0
end_of_record
TN:
SF:/home/freiheit/git/ciao.systems/rite/custom/plugins/ciao/ciao-rs/target/generated/ciao/ciao.time_tracking.cost_center.rs
FN:86,cost_center_service_client::CostCenterServiceClient<tonic::transport::Channel>::connect
FN:97,cost_center_service_client::CostCenterServiceClient<T>::new
FN:101,cost_center_service_client::CostCenterServiceClient<T>::with_origin
FN:105,cost_center_service_client::CostCenterServiceClient<T>::with_interceptor
FN:129,cost_center_service_client::CostCenterServiceClient<T>::send_compressed
FN:135,cost_center_service_client::CostCenterServiceClient<T>::accept_compressed
FN:143,cost_center_service_client::CostCenterServiceClient<T>::max_decoding_message_size
FN:151,cost_center_service_client::CostCenterServiceClient<T>::max_encoding_message_size
FN:156,cost_center_service_client::CostCenterServiceClient<T>::get
FN:183,cost_center_service_client::CostCenterServiceClient<T>::list
FN:213,cost_center_service_client::CostCenterServiceClient<T>::create
FN:244,cost_center_service_client::CostCenterServiceClient<T>::update
FN:271,cost_center_service_client::CostCenterServiceClient<T>::delete
FN:350,cost_center_service_server::CostCenterServiceServer<T>::new
FN:353,cost_center_service_server::CostCenterServiceServer<T>::from_arc
FN:369,cost_center_service_server::CostCenterServiceServer<T>::with_interceptor
FN:373,cost_center_service_server::CostCenterServiceServer<T>::accept_compressed
FN:379,cost_center_service_server::CostCenterServiceServer<T>::send_compressed
FN:387,cost_center_service_server::CostCenterServiceServer<T>::max_decoding_message_size
FN:395,cost_center_service_server::CostCenterServiceServer<T>::max_encoding_message_size
FN:413,cost_center_service_server::<impl Service for CostCenterServiceServer<T>>::poll_ready
FN:415,cost_center_service_server::<impl Service for CostCenterServiceServer<T>>::call
FN:428,cost_center_service_server::<impl Service for CostCenterServiceServer<T>>::call::<impl UnaryService for GetSvc<T>>::call
FN:474,cost_center_service_server::<impl Service for CostCenterServiceServer<T>>::call::<impl ServerStreamingService for ListSvc<T>>::call
FN:519,cost_center_service_server::<impl Service for CostCenterServiceServer<T>>::call::<impl UnaryService for CreateSvc<T>>::call
FN:564,cost_center_service_server::<impl Service for CostCenterServiceServer<T>>::call::<impl UnaryService for UpdateSvc<T>>::call
FN:609,cost_center_service_server::<impl Service for CostCenterServiceServer<T>>::call::<impl UnaryService for DeleteSvc<T>>::call
FN:663,cost_center_service_server::<impl Clone for CostCenterServiceServer<T>>::clone
FNF:28
FNDA:0,cost_center_service_client::CostCenterServiceClient<tonic::transport::Channel>::connect
FNDA:0,cost_center_service_client::CostCenterServiceClient<T>::new
FNDA:0,cost_center_service_client::CostCenterServiceClient<T>::with_origin
FNDA:0,cost_center_service_client::CostCenterServiceClient<T>::with_interceptor
FNDA:0,cost_center_service_client::CostCenterServiceClient<T>::send_compressed
FNDA:0,cost_center_service_client::CostCenterServiceClient<T>::accept_compressed
FNDA:0,cost_center_service_client::CostCenterServiceClient<T>::max_decoding_message_size
FNDA:0,cost_center_service_client::CostCenterServiceClient<T>::max_encoding_message_size
FNDA:0,cost_center_service_client::CostCenterServiceClient<T>::get
FNDA:0,cost_center_service_client::CostCenterServiceClient<T>::list
FNDA:0,cost_center_service_client::CostCenterServiceClient<T>::create
FNDA:0,cost_center_service_client::CostCenterServiceClient<T>::update
FNDA:0,cost_center_service_client::CostCenterServiceClient<T>::delete
FNDA:0,cost_center_service_server::CostCenterServiceServer<T>::new
FNDA:0,cost_center_service_server::CostCenterServiceServer<T>::from_arc
FNDA:0,cost_center_service_server::CostCenterServiceServer<T>::with_interceptor
FNDA:0,cost_center_service_server::CostCenterServiceServer<T>::accept_compressed
FNDA:0,cost_center_service_server::CostCenterServiceServer<T>::send_compressed
FNDA:0,cost_center_service_server::CostCenterServiceServer<T>::max_decoding_message_size
FNDA:0,cost_center_service_server::CostCenterServiceServer<T>::max_encoding_message_size
FNDA:0,cost_center_service_server::<impl Service for CostCenterServiceServer<T>>::poll_ready
FNDA:0,cost_center_service_server::<impl Service for CostCenterServiceServer<T>>::call
FNDA:0,cost_center_service_server::<impl Service for CostCenterServiceServer<T>>::call::<impl UnaryService for GetSvc<T>>::call
FNDA:0,cost_center_service_server::<impl Service for CostCenterServiceServer<T>>::call::<impl ServerStreamingService for ListSvc<T>>::call
FNDA:0,cost_center_service_server::<impl Service for CostCenterServiceServer<T>>::call::<impl UnaryService for CreateSvc<T>>::call
FNDA:0,cost_center_service_server::<impl Service for CostCenterServiceServer<T>>::call::<impl UnaryService for UpdateSvc<T>>::call
FNDA:0,cost_center_service_server::<impl Service for CostCenterServiceServer<T>>::call::<impl UnaryService for DeleteSvc<T>>::call
FNDA:0,cost_center_service_server::<impl Clone for CostCenterServiceServer<T>>::clone
DA:86,0
DA:87,0
DA:97,0
DA:98,0
DA:101,0
DA:102,0
DA:105,0
DA:122,0
DA:129,0
DA:130,0
DA:131,0
DA:135,0
DA:136,0
DA:137,0
DA:143,0
DA:144,0
DA:145,0
DA:151,0
DA:152,0
DA:153,0
DA:156,0
DA:160,0
DA:162,0
DA:163,0
DA:164,0
DA:165,0
DA:168,0
DA:172,0
DA:173,0
DA:175,0
DA:176,0
DA:177,0
DA:180,0
DA:183,0
DA:190,0
DA:192,0
DA:193,0
DA:194,0
DA:195,0
DA:198,0
DA:202,0
DA:203,0
DA:205,0
DA:206,0
DA:207,0
DA:210,0
DA:213,0
DA:217,0
DA:219,0
DA:220,0
DA:221,0
DA:222,0
DA:225,0
DA:229,0
DA:230,0
DA:232,0
DA:233,0
DA:234,0
DA:237,0
DA:244,0
DA:246,0
DA:247,0
DA:248,0
DA:249,0
DA:252,0
DA:256,0
DA:257,0
DA:259,0
DA:260,0
DA:261,0
DA:264,0
DA:271,0
DA:273,0
DA:274,0
DA:275,0
DA:276,0
DA:279,0
DA:283,0
DA:284,0
DA:286,0
DA:287,0
DA:288,0
DA:291,0
DA:350,0
DA:351,0
DA:353,0
DA:356,0
DA:357,0
DA:369,0
DA:373,0
DA:374,0
DA:375,0
DA:379,0
DA:380,0
DA:381,0
DA:387,0
DA:388,0
DA:389,0
DA:395,0
DA:396,0
DA:397,0
DA:413,0
DA:415,0
DA:416,0
DA:417,0
DA:420,0
DA:421,0
DA:422,0
DA:428,0
DA:432,0
DA:433,0
DA:434,0
DA:436,0
DA:439,0
DA:440,0
DA:441,0
DA:442,0
DA:443,0
DA:444,0
DA:445,0
DA:446,0
DA:447,0
DA:449,0
DA:450,0
DA:453,0
DA:454,0
DA:456,0
DA:457,0
DA:459,0
DA:461,0
DA:464,0
DA:465,0
DA:466,0
DA:467,0
DA:474,0
DA:478,0
DA:479,0
DA:480,0
DA:482,0
DA:485,0
DA:486,0
DA:487,0
DA:488,0
DA:489,0
DA:490,0
DA:491,0
DA:492,0
DA:493,0
DA:495,0
DA:496,0
DA:499,0
DA:500,0
DA:502,0
DA:503,0
DA:505,0
DA:507,0
DA:510,0
DA:511,0
DA:512,0
DA:513,0
DA:519,0
DA:523,0
DA:524,0
DA:525,0
DA:527,0
DA:530,0
DA:531,0
DA:532,0
DA:533,0
DA:534,0
DA:535,0
DA:536,0
DA:537,0
DA:538,0
DA:540,0
DA:541,0
DA:544,0
DA:545,0
DA:547,0
DA:548,0
DA:550,0
DA:552,0
DA:555,0
DA:556,0
DA:557,0
DA:558,0
DA:564,0
DA:568,0
DA:569,0
DA:570,0
DA:572,0
DA:575,0
DA:576,0
DA:577,0
DA:578,0
DA:579,0
DA:580,0
DA:581,0
DA:582,0
DA:583,0
DA:585,0
DA:586,0
DA:589,0
DA:590,0
DA:592,0
DA:593,0
DA:595,0
DA:597,0
DA:600,0
DA:601,0
DA:602,0
DA:603,0
DA:609,0
DA:613,0
DA:614,0
DA:615,0
DA:617,0
DA:620,0
DA:621,0
DA:622,0
DA:623,0
DA:624,0
DA:625,0
DA:626,0
DA:627,0
DA:628,0
DA:630,0
DA:631,0
DA:634,0
DA:635,0
DA:637,0
DA:638,0
DA:640,0
DA:642,0
DA:643,0
DA:644,0
DA:645,0
DA:646,0
DA:647,0
DA:648,0
DA:649,0
DA:651,0
DA:652,0
DA:653,0
DA:654,0
DA:656,0
DA:663,0
DA:664,0
DA:667,0
DA:668,0
DA:669,0
DA:670,0
LF:252
LH:0
end_of_record
TN:
SF:/home/freiheit/git/ciao.systems/rite/custom/plugins/ciao/ciao-rs/target/generated/ciao/ciao.time_tracking.project.rs
FN:94,project_service_client::ProjectServiceClient<tonic::transport::Channel>::connect
FN:105,project_service_client::ProjectServiceClient<T>::new
FN:109,project_service_client::ProjectServiceClient<T>::with_origin
FN:113,project_service_client::ProjectServiceClient<T>::with_interceptor
FN:137,project_service_client::ProjectServiceClient<T>::send_compressed
FN:143,project_service_client::ProjectServiceClient<T>::accept_compressed
FN:151,project_service_client::ProjectServiceClient<T>::max_decoding_message_size
FN:159,project_service_client::ProjectServiceClient<T>::max_encoding_message_size
FN:164,project_service_client::ProjectServiceClient<T>::get
FN:188,project_service_client::ProjectServiceClient<T>::list
FN:215,project_service_client::ProjectServiceClient<T>::create
FN:246,project_service_client::ProjectServiceClient<T>::update
FN:269,project_service_client::ProjectServiceClient<T>::delete
FN:352,project_service_server::ProjectServiceServer<T>::new
FN:355,project_service_server::ProjectServiceServer<T>::from_arc
FN:371,project_service_server::ProjectServiceServer<T>::with_interceptor
FN:375,project_service_server::ProjectServiceServer<T>::accept_compressed
FN:381,project_service_server::ProjectServiceServer<T>::send_compressed
FN:389,project_service_server::ProjectServiceServer<T>::max_decoding_message_size
FN:397,project_service_server::ProjectServiceServer<T>::max_encoding_message_size
FN:415,project_service_server::<impl Service for ProjectServiceServer<T>>::poll_ready
FN:417,project_service_server::<impl Service for ProjectServiceServer<T>>::call
FN:430,project_service_server::<impl Service for ProjectServiceServer<T>>::call::<impl UnaryService for GetSvc<T>>::call
FN:476,project_service_server::<impl Service for ProjectServiceServer<T>>::call::<impl ServerStreamingService for ListSvc<T>>::call
FN:521,project_service_server::<impl Service for ProjectServiceServer<T>>::call::<impl UnaryService for CreateSvc<T>>::call
FN:566,project_service_server::<impl Service for ProjectServiceServer<T>>::call::<impl UnaryService for UpdateSvc<T>>::call
FN:611,project_service_server::<impl Service for ProjectServiceServer<T>>::call::<impl UnaryService for DeleteSvc<T>>::call
FN:665,project_service_server::<impl Clone for ProjectServiceServer<T>>::clone
FNF:28
FNDA:0,project_service_client::ProjectServiceClient<tonic::transport::Channel>::connect
FNDA:0,project_service_client::ProjectServiceClient<T>::new
FNDA:0,project_service_client::ProjectServiceClient<T>::with_origin
FNDA:0,project_service_client::ProjectServiceClient<T>::with_interceptor
FNDA:0,project_service_client::ProjectServiceClient<T>::send_compressed
[...]
DA:67,0
DA:68,0
DA:69,0
DA:70,0
DA:75,0
DA:76,0
DA:77,0
DA:78,0
DA:79,0
DA:81,0
DA:87,0
DA:88,0
DA:89,0
DA:90,0
DA:91,0
DA:93,0
DA:94,0
DA:96,0
DA:98,0
DA:101,0
DA:104,0
LF:30
LH:9
end_of_record
TN:
SF:/home/freiheit/git/ciao.systems/rite/extended/plugins/personio/src/importers/employees/composite.rs
FN:5,get_holiday_calendar
FN:32,get_supervisor
FN:57,create_office_record
FN:70,get_subcompany
FN:77,get_office
FN:84,get_department
FN:103,get_cost_centers
FN:131,get_work_schedule
FN:156,get_absence_entitlement
FN:177,get_team
FNF:10
FNDA:0,get_holiday_calendar
FNDA:0,get_supervisor
FNDA:0,create_office_record
FNDA:0,get_subcompany
FNDA:0,get_office
FNDA:0,get_department
FNDA:0,get_cost_centers
FNDA:0,get_work_schedule
FNDA:0,get_absence_entitlement
FNDA:0,get_team
DA:5,0
DA:8,0
DA:9,0
DA:10,0
DA:11,0
DA:25,0
DA:29,0
DA:32,0
DA:33,0
DA:34,0
DA:35,0
DA:36,0
DA:50,0
DA:54,0
DA:57,0
DA:58,0
DA:59,0
DA:60,0
DA:67,0
DA:70,0
DA:71,0
DA:72,0
DA:74,0
DA:77,0
DA:78,0
DA:79,0
DA:81,0
DA:84,0
DA:85,0
DA:86,0
DA:87,0
DA:88,0
DA:96,0
DA:100,0
DA:103,0
DA:106,0
DA:107,0
DA:108,0
DA:109,0
DA:110,0
DA:111,0
DA:122,0
DA:125,0
DA:128,0
DA:131,0
DA:134,0
DA:135,0
DA:136,0
DA:137,0
DA:149,0
DA:153,0
DA:156,0
DA:159,0
DA:160,0
DA:161,0
DA:162,0
DA:163,0
DA:169,0
DA:172,0
DA:174,0
DA:177,0
DA:178,0
DA:179,0
DA:180,0
DA:181,0
DA:185,0
DA:189,0
LF:67
LH:0
end_of_record
TN:
SF:/home/freiheit/git/ciao.systems/rite/extended/plugins/personio/src/importers/employees/importer.rs
FN:17,<impl Importer for super::Employees>::read
FN:44,get_employees_page
FNF:2
FNDA:0,<impl Importer for super::Employees>::read
FNDA:0,get_employees_page
DA:17,0
DA:21,0
DA:22,0
DA:23,0
DA:25,0
DA:28,0
DA:33,0
DA:36,0
DA:37,0
DA:40,0
DA:44,0
DA:49,0
DA:50,0
DA:51,0
DA:52,0
DA:53,0
DA:54,0
DA:55,0
DA:56,0
DA:57,0
DA:58,0
DA:59,0
DA:61,0
DA:64,0
LF:24
LH:0
end_of_record
TN:
SF:/home/freiheit/git/ciao.systems/rite/extended/plugins/personio/src/importers/employees/initializable.rs
FN:12,<impl Initializable for super::Employees>::init
FNF:1
FNDA:0,<impl Initializable for super::Employees>::init
DA:12,0
DA:16,0
DA:17,0
DA:20,0
DA:21,0
DA:22,0
DA:27,0
DA:28,0
DA:31,0
DA:32,0
DA:35,0
DA:36,0
DA:39,0
LF:13
LH:0
end_of_record
TN:
SF:/home/freiheit/git/ciao.systems/rite/extended/plugins/personio/src/importers/employees.rs
FN:23,EmployeesFilter::new
FN:31,EmployeesFilter::set_attributes
FN:43,Employees::new
FN:51,Employees::is_flag_set
FN:56,Employees::handle_employee_response
FN:75,Employees::create_record
FNF:6
FNDA:0,EmployeesFilter::new
FNDA:0,EmployeesFilter::set_attributes
FNDA:0,Employees::new
FNDA:0,Employees::is_flag_set
FNDA:0,Employees::handle_employee_response
FNDA:0,Employees::create_record
DA:23,0
DA:31,0
DA:32,0
DA:43,0
DA:45,0
DA:46,0
DA:47,0
DA:51,0
DA:52,0
DA:56,0
DA:61,0
DA:62,0
DA:63,0
DA:65,0
DA:66,0
DA:69,0
DA:71,0
DA:75,0
DA:79,0
DA:80,0
DA:103,0
DA:109,0
DA:110,0
DA:113,0
DA:114,0
DA:117,0
DA:118,0
DA:121,0
DA:122,0
DA:125,0
DA:126,0
DA:129,0
DA:130,0
DA:133,0
DA:134,0
DA:137,0
DA:141,0
DA:145,0
DA:146,0
DA:150,0
DA:151,0
DA:153,0
DA:156,0
DA:159,0
LF:44
LH:0
end_of_record
TN:
SF:/home/freiheit/git/ciao.systems/rite/extended/plugins/personio/src/importers/pagination/from.rs
FNF:0
DA:10,0
DA:11,0
DA:12,0
DA:14,0
DA:17,0
DA:19,0
LF:6
LH:0
end_of_record
TN:
SF:/home/freiheit/git/ciao.systems/rite/extended/plugins/personio/src/importers/pagination/parameters.rs
FN:13,GeneralParameters<'a>::new
FNF:1
FNDA:0,GeneralParameters<'a>::new
DA:13,0
LF:1
LH:0
end_of_record
TN:
SF:/home/freiheit/git/ciao.systems/rite/extended/plugins/personio/src/importers/pagination.rs
FN:19,Paginator<T,P>::new
FN:32,Paginator<T,P>::fetch_all
FN:49,next_offset
FNF:3
FNDA:4,Paginator<T,P>::new
FNDA:4,Paginator<T,P>::fetch_all
FNDA:1,next_offset
DA:19,4
DA:27,0
DA:32,4
DA:36,4
DA:37,10
DA:39,3
DA:40,8
DA:42,4
DA:45,2
DA:49,1
DA:50,1
LF:11
LH:10
end_of_record
TN:
SF:/home/freiheit/git/ciao.systems/rite/extended/plugins/personio/src/importers/projects/importer.rs
FN:9,<impl Importer for super::Projects>::read
FNF:1
FNDA:0,<impl Importer for super::Projects>::read
DA:9,0
DA:10,0
DA:11,0
DA:12,0
DA:13,0
DA:14,0
DA:15,0
DA:16,0
DA:17,0
DA:19,0
DA:20,0
DA:23,0
DA:24,0
DA:25,0
DA:28,0
LF:15
LH:0
end_of_record
TN:
SF:/home/freiheit/git/ciao.systems/rite/extended/plugins/personio/src/importers/projects/initializable.rs
FN:6,<impl Initializable for super::Projects>::init
FNF:1
FNDA:0,<impl Initializable for super::Projects>::init
DA:6,0
DA:10,0
DA:11,0
DA:13,0
LF:4
LH:0
end_of_record
TN:
SF:/home/freiheit/git/ciao.systems/rite/extended/plugins/personio/src/importers/projects.rs
FN:15,Projects::new
FN:21,Projects::handle_response
FNF:2
FNDA:4,Projects::new
FNDA:4,Projects::handle_response
DA:15,4
DA:17,4
DA:21,4
DA:26,9
DA:27,5
DA:28,7
DA:29,2
DA:32,3
DA:39,2
DA:43,1
DA:45,2
LF:11
LH:11
end_of_record
TN:
SF:/home/freiheit/git/ciao.systems/rite/extended/plugins/personio/src/lib.rs
FN:7,create_importer
FNF:1
FNDA:0,create_importer
DA:7,0
DA:11,0
DA:12,0
DA:13,0
DA:14,0
DA:15,0
LF:6
LH:0
end_of_record
TN:
SF:/home/freiheit/git/ciao.systems/rite/extended/plugins/personio/src/macros.rs
FN:46,name_from_ident
FNF:1
FNDA:2,name_from_ident
DA:4,0
DA:7,0
DA:8,0
DA:15,0
DA:16,0
DA:18,0
DA:26,0
DA:27,0
DA:29,0
DA:30,0
DA:38,0
DA:39,0
DA:40,0
DA:41,0
DA:46,2
DA:47,2
DA:52,10
DA:53,12
DA:54,6
DA:55,6
DA:63,0
DA:64,0
DA:65,0
DA:66,0
DA:67,0
DA:76,0
DA:77,0
DA:78,0
DA:79,0
DA:80,0
DA:81,0
LF:31
LH:6
end_of_record
TN:
SF:/home/freiheit/git/ciao.systems/rite/extended/plugins/youtrack/src/importers/connection.rs
FN:10,YouTrackConnection::new
FN:17,YouTrackConnection::from
FN:28,YouTrackConnection::check_config
FN:35,YouTrackConnection::all_variables
FNF:4
FNDA:1,YouTrackConnection::new
FNDA:1,YouTrackConnection::from
FNDA:1,YouTrackConnection::check_config
FNDA:1,YouTrackConnection::all_variables
DA:10,1
DA:17,1
DA:18,1
DA:19,3
DA:20,1
DA:22,3
DA:23,1
DA:25,1
DA:28,1
DA:29,2
DA:31,1
DA:32,2
DA:35,1
DA:36,1
LF:14
LH:14
end_of_record
TN:
SF:/home/freiheit/git/ciao.systems/rite/extended/plugins/youtrack/src/importers/generic/config.rs
FN:31,Fields::to_string
FN:44,Fields::contains
FNF:2
FNDA:2,Fields::to_string
FNDA:0,Fields::contains
DA:31,2
DA:32,2
DA:33,8
DA:34,3
DA:35,3
DA:36,0
DA:38,6
DA:41,3
DA:44,0
DA:45,0
LF:10
LH:7
end_of_record
TN:
SF:/home/freiheit/git/ciao.systems/rite/extended/plugins/youtrack/src/importers/generic/rest.rs
FN:14,create_url_from_dataset
FN:55,make_request
FNF:2
FNDA:3,create_url_from_dataset
FNDA:0,make_request
DA:14,3
DA:15,3
DA:16,1
DA:17,0
DA:23,0
DA:26,3
DA:31,1
DA:35,3
DA:36,4
DA:40,1
DA:41,1
DA:44,3
DA:48,1
DA:52,3
DA:55,0
DA:62,0
DA:63,0
DA:65,0
DA:66,0
DA:67,0
DA:68,0
DA:70,0
DA:73,0
LF:23
LH:12
end_of_record
TN:
SF:/home/freiheit/git/ciao.systems/rite/extended/plugins/youtrack/src/importers/generic.rs
FN:17,YouTrackImporter::new
FN:25,YouTrackImporter::set_connection
FN:30,YouTrackImporter::check_config
FN:38,YouTrackImporter::read_from_youtrack
FN:62,YouTrackImporter::handle_response
FN:86,<impl Importer for YouTrackImporter>::read
FN:103,<impl Initializable for YouTrackImporter>::init
FNF:7
FNDA:1,YouTrackImporter::new
FNDA:1,YouTrackImporter::set_connection
FNDA:1,YouTrackImporter::check_config
FNDA:0,YouTrackImporter::read_from_youtrack
FNDA:0,YouTrackImporter::handle_response
FNDA:0,<impl Importer for YouTrackImporter>::read
FNDA:0,<impl Initializable for YouTrackImporter>::init
DA:17,1
DA:25,1
DA:26,2
DA:30,1
DA:31,1
DA:32,1
DA:34,1
DA:38,0
DA:42,0
DA:43,0
DA:46,0
DA:50,0
DA:51,0
DA:58,0
DA:62,0
DA:67,0
DA:68,0
DA:69,0
DA:70,0
DA:71,0
DA:72,0
DA:75,0
DA:76,0
DA:77,0
DA:78,0
DA:81,0
DA:86,0
DA:87,0
DA:88,0
DA:90,0
DA:94,0
DA:98,0
DA:103,0
DA:107,0
DA:108,0
DA:110,0
DA:111,0
DA:112,0
DA:113,0
DA:115,0
DA:117,0
DA:121,0
LF:42
LH:7
end_of_record
TN:
SF:/home/freiheit/git/ciao.systems/rite/extended/plugins/youtrack/src/importers/time/config.rs
FN:23,RiteYoutrackImportTime::from
FN:34,TimeTracking::format_date_opt
FN:51,TimeTracking::start_date_as_param
FN:56,TimeTracking::end_date_as_param
FN:65,optional_date_format::deserialize
FNF:5
FNDA:1,RiteYoutrackImportTime::from
FNDA:0,TimeTracking::format_date_opt
FNDA:0,TimeTracking::start_date_as_param
FNDA:0,TimeTracking::end_date_as_param
FNDA:3,optional_date_format::deserialize
DA:23,1
DA:24,1
DA:26,2
DA:27,1
DA:28,0
DA:34,0
DA:35,0
DA:37,0
DA:39,0
DA:40,0
DA:41,0
DA:46,0
DA:51,0
DA:52,0
DA:56,0
DA:57,0
DA:65,3
DA:69,3
DA:70,7
DA:71,2
DA:73,8
DA:74,0
DA:75,0
LF:23
LH:9
end_of_record
TN:
SF:/home/freiheit/git/ciao.systems/rite/extended/plugins/youtrack/src/importers/time/rest/request.rs
FN:6,create_url
FN:37,make_request
FNF:2
FNDA:0,create_url
FNDA:0,make_request
DA:6,0
DA:7,0
DA:8,0
DA:9,0
DA:10,0
DA:11,0
DA:13,0
DA:14,0
DA:16,0
DA:17,0
DA:20,0
DA:37,0
DA:44,0
DA:45,0
DA:47,0
DA:48,0
DA:49,0
DA:50,0
DA:53,0
DA:56,0
LF:20
LH:0
end_of_record
TN:
SF:/home/freiheit/git/ciao.systems/rite/extended/plugins/youtrack/src/importers/time/rest/response/tests.rs
FN:12,create_project
FN:20,create_issue
FN:45,create_issue_item
FN:62,create_author
FN:72,create_duration
FNF:5
FNDA:1,create_project
FNDA:3,create_issue
FNDA:7,create_issue_item
FNDA:2,create_author
FNDA:2,create_duration
DA:12,1
DA:14,1
DA:15,1
DA:16,3
DA:20,3
DA:26,3
DA:28,3
DA:29,8
DA:30,4
DA:45,7
DA:48,1
DA:49,7
DA:62,2
DA:64,2
DA:65,2
DA:68,6
DA:72,2
DA:74,2
LF:18
LH:18
end_of_record
TN:
SF:/home/freiheit/git/ciao.systems/rite/extended/plugins/youtrack/src/importers/time/rest/response.rs
FN:13,handle
FN:22,handle_json_response
FN:43,handle_issue_work_item
FN:60,add_project
FN:78,add_issue
FN:95,add_created
FN:103,add_author
FN:113,add_duration
FNF:8
FNDA:0,handle
FNDA:1,handle_json_response
FNDA:1,handle_issue_work_item
FNDA:1,add_project
FNDA:1,add_issue
FNDA:2,add_created
FNDA:1,add_author
FNDA:2,add_duration
DA:13,0
DA:17,0
DA:18,0
DA:22,1
DA:26,2
DA:27,3
DA:28,1
DA:29,1
DA:30,1
DA:31,2
DA:40,1
DA:43,1
DA:47,1
DA:49,1
DA:50,1
DA:51,1
DA:52,1
DA:53,1
DA:55,1
DA:57,1
DA:60,1
DA:61,1
DA:62,2
DA:63,4
DA:65,2
DA:68,2
DA:69,2
DA:71,1
DA:78,1
DA:79,1
DA:80,5
DA:81,4
DA:83,2
DA:86,1
DA:87,2
DA:89,1
DA:95,2
DA:96,2
DA:97,2
DA:99,1
DA:103,1
DA:104,2
DA:105,3
DA:106,3
DA:108,1
DA:113,2
DA:114,2
DA:115,3
DA:116,2
DA:118,1
LF:50
LH:47
end_of_record
TN:
SF:/home/freiheit/git/ciao.systems/rite/extended/plugins/youtrack/src/importers/time.rs
FN:16,YouTrackImporterTime::new
FN:25,<impl Initializable for YouTrackImporterTime>::init
FN:48,<impl Importer for YouTrackImporterTime>::read
FNF:3
FNDA:0,YouTrackImporterTime::new
FNDA:0,<impl Initializable for YouTrackImporterTime>::init
FNDA:0,<impl Importer for YouTrackImporterTime>::read
DA:16,0
DA:25,0
DA:29,0
DA:30,0
DA:32,0
DA:33,0
DA:34,0
DA:35,0
DA:36,0
DA:37,0
DA:38,0
DA:43,0
DA:48,0
DA:49,0
DA:50,0
DA:51,0
DA:52,0
DA:56,0
DA:57,0
DA:65,0
LF:20
LH:0
end_of_record
TN:
SF:/home/freiheit/git/ciao.systems/rite/extended/plugins/youtrack/src/importers/youtrack/common/duration.rs
FN:17,<impl From for Record>::from
FNF:1
FNDA:0,<impl From for Record>::from
DA:17,0
DA:18,0
LF:2
LH:0
end_of_record
TN:
SF:/home/freiheit/git/ciao.systems/rite/extended/plugins/youtrack/src/importers/youtrack/common/project.rs
FN:16,<impl From for Record>::from
FNF:1
FNDA:0,<impl From for Record>::from
DA:16,0
DA:17,0
LF:2
LH:0
end_of_record
TN:
SF:/home/freiheit/git/ciao.systems/rite/extended/plugins/youtrack/src/importers/youtrack/common/user.rs
FN:19,<impl From for Record>::from
FNF:1
FNDA:0,<impl From for Record>::from
DA:19,0
DA:20,0
LF:2
LH:0
end_of_record
TN:
SF:/home/freiheit/git/ciao.systems/rite/extended/plugins/youtrack/src/importers/youtrack/factory/serialize.rs
FN:22,YouTrackObject::from_type
FN:45,create_object
FN:59,derserialize_and_add
FNF:3
FNDA:1,YouTrackObject::from_type
FNDA:2,create_object
FNDA:0,derserialize_and_add
DA:22,1
DA:23,1
DA:24,1
DA:26,2
DA:28,4
DA:29,3
DA:30,0
DA:31,0
DA:32,0
DA:36,0
DA:45,2
DA:48,2
DA:49,2
DA:50,0
DA:51,0
DA:52,0
DA:59,0
DA:63,0
DA:64,0
DA:65,0
DA:66,0
DA:67,0
DA:69,0
DA:70,0
DA:71,0
DA:73,0
DA:74,0
DA:75,0
DA:77,0
DA:78,0
DA:79,0
DA:85,0
DA:87,0
DA:88,0
LF:34
LH:9
end_of_record
TN:
SF:/home/freiheit/git/ciao.systems/rite/extended/plugins/youtrack/src/importers/youtrack/factory.rs
FN:18,serialize_to_record
FN:33,fill_record_from_json
FN:64,json2model
FN:94,add_field_value
FN:116,json_object_to_value_map
FNF:5
FNDA:0,serialize_to_record
FNDA:0,fill_record_from_json
FNDA:1,json2model
FNDA:0,add_field_value
FNDA:1,json_object_to_value_map
DA:18,0
DA:19,0
DA:20,0
DA:21,0
DA:23,0
DA:33,0
DA:34,0
DA:35,0
DA:36,0
DA:37,0
DA:40,0
DA:41,0
DA:42,0
DA:43,0
DA:46,0
DA:48,0
DA:51,0
DA:52,0
DA:56,0
DA:64,1
DA:65,1
DA:66,0
DA:67,1
DA:68,1
DA:69,3
DA:70,1
DA:71,2
DA:72,1
DA:73,3
DA:74,2
DA:76,0
DA:79,1
DA:80,1
DA:81,1
DA:94,0
DA:95,0
DA:96,0
DA:97,0
DA:98,0
DA:100,0
DA:102,0
DA:116,1
DA:120,1
DA:121,2
DA:122,2
DA:123,1
DA:124,2
DA:128,1
LF:48
LH:20
end_of_record
TN:
SF:/home/freiheit/git/ciao.systems/rite/extended/plugins/youtrack/src/importers/youtrack/issue.rs
FN:40,<impl From for Record>::from
FNF:1
FNDA:0,<impl From for Record>::from
DA:40,0
DA:41,0
LF:2
LH:0
end_of_record
TN:
SF:/home/freiheit/git/ciao.systems/rite/extended/plugins/youtrack/src/importers/youtrack/issue_work_item.rs
FN:41,IssueWorkItem::date
FN:52,<impl From for Record>::from
FNF:2
FNDA:1,IssueWorkItem::date
FNDA:0,<impl From for Record>::from
DA:41,1
DA:42,1
DA:43,2
DA:44,1
DA:47,0
DA:52,0
DA:53,0
DA:54,0
LF:8
LH:4
end_of_record
TN:
SF:/home/freiheit/git/ciao.systems/rite/extended/plugins/youtrack/src/lib.rs
FN:8,create_importer
FNF:1
FNDA:0,create_importer
DA:8,0
DA:12,0
DA:13,0
LF:3
LH:0
end_of_record
TN:
SF:/home/freiheit/git/ciao.systems/rite/libraries/export/src/lib.rs
FN:19,Exporter::event
FNF:1
FNDA:0,Exporter::event
DA:19,0
DA:20,0
LF:2
LH:0
end_of_record
TN:
SF:/home/freiheit/git/ciao.systems/rite/libraries/helper/src/lib.rs
FN:9,pwd
FN:31,get_full_path
FN:61,normalize_path
FNF:3
FNDA:2,pwd
FNDA:5,get_full_path
FNDA:2,normalize_path
DA:9,2
DA:10,2
DA:11,6
DA:31,5
DA:32,3
DA:34,5
DA:35,2
DA:39,5
DA:40,2
DA:42,3
DA:61,2
DA:62,2
DA:64,11
DA:65,3
DA:70,2
DA:73,9
DA:77,4
LF:17
LH:17
end_of_record
TN:
SF:/home/freiheit/git/ciao.systems/rite/libraries/import/src/handlers.rs
FN:10,CollectingRecordHandler<'a>::new
FN:16,<impl RecordHandler for CollectingRecordHandler<'a>>::handle_record
FN:30,ClosureRecordHandler<F>::new
FN:39,<impl RecordHandler for ClosureRecordHandler<F>>::handle_record
FNF:4
FNDA:13,CollectingRecordHandler<'a>::new
FNDA:10,<impl RecordHandler for CollectingRecordHandler<'a>>::handle_record
FNDA:1,ClosureRecordHandler<F>::new
FNDA:2,<impl RecordHandler for ClosureRecordHandler<F>>::handle_record
DA:10,13
DA:16,10
DA:17,10
DA:18,10
DA:30,1
DA:39,2
DA:40,2
DA:41,2
LF:8
LH:8
end_of_record
TN:
SF:/home/freiheit/git/ciao.systems/rite/libraries/import/src/lib.rs
FN:13,Importer::reset
FNF:1
FNDA:1,Importer::reset
DA:13,1
DA:14,1
LF:2
LH:2
end_of_record
TN:
SF:/home/freiheit/git/ciao.systems/rite/libraries/model/src/field.rs
FN:31,Field::new
FN:51,Field::new_value
FN:65,Field::name
FN:78,Field::value
FN:96,Field::value_as_ref
FN:103,<impl Default for Field>::default
FN:113,add_optional_field
FN:127,add_field
FNF:8
FNDA:3,Field::new
FNDA:45,Field::new_value
FNDA:24,Field::name
FNDA:24,Field::value
FNDA:1,Field::value_as_ref
FNDA:1,<impl Default for Field>::default
FNDA:6,add_optional_field
FNDA:16,add_field
DA:31,3
DA:33,3
DA:51,45
DA:53,40
DA:65,24
DA:66,21
DA:78,24
DA:79,23
DA:96,1
DA:103,1
DA:104,1
DA:113,6
DA:117,6
DA:118,4
DA:127,16
DA:128,8
LF:16
LH:16
end_of_record
TN:
SF:/home/freiheit/git/ciao.systems/rite/libraries/model/src/record.rs
FN:28,Record::new
FN:49,Record::copy
FN:56,Record::fields
FN:61,Record::fields_as_mut
FN:66,Record::field_by_name
FN:72,<impl From for Record>::from
FNF:6
FNDA:39,Record::new
FNDA:11,Record::copy
FNDA:9,Record::fields
FNDA:25,Record::fields_as_mut
FNDA:18,Record::field_by_name
FNDA:1,<impl From for Record>::from
DA:28,39
DA:29,32
DA:49,11
DA:51,11
DA:56,9
DA:61,25
DA:66,18
DA:67,43
DA:72,1
DA:73,1
DA:74,3
DA:75,9
DA:76,6
DA:77,8
DA:80,1
LF:15
LH:15
end_of_record
TN:
SF:/home/freiheit/git/ciao.systems/rite/libraries/model/src/value/from.rs
FN:141,<impl From for Value>::from
FNF:1
FNDA:8,<impl From for Value>::from
DA:9,2
DA:10,4
DA:15,1
DA:16,1
DA:21,1
DA:22,1
DA:27,0
DA:28,0
DA:33,0
DA:34,0
DA:39,0
DA:40,0
DA:45,2
DA:46,2
DA:51,1
DA:52,1
DA:57,0
DA:58,0
DA:63,0
DA:64,0
DA:69,0
DA:70,0
DA:75,0
DA:76,0
DA:81,0
DA:82,0
DA:87,0
DA:88,0
DA:93,0
DA:94,0
DA:99,0
DA:100,0
DA:105,0
DA:106,0
DA:111,1
DA:112,1
DA:117,0
DA:118,0
DA:123,0
DA:124,0
DA:129,0
DA:130,0
DA:135,0
DA:136,0
DA:141,8
DA:142,9
DA:143,1
DA:144,3
DA:145,6
DA:146,5
DA:147,11
DA:148,5
DA:149,2
DA:150,1
DA:151,0
DA:152,0
DA:153,0
DA:154,0
DA:156,0
DA:159,0
DA:161,2
DA:162,0
DA:163,0
DA:164,0
DA:165,0
DA:166,0
DA:167,0
DA:168,0
DA:169,0
DA:170,0
DA:172,0
DA:175,0
DA:177,2
DA:178,2
DA:179,1
DA:181,0
DA:184,0
DA:187,2
DA:188,5
DA:189,1
DA:190,3
DA:191,3
DA:192,1
DA:194,0
DA:197,1
DA:200,1
DA:201,2
DA:202,2
DA:204,3
DA:205,1
LF:90
LH:38
end_of_record
TN:
SF:/home/freiheit/git/ciao.systems/rite/libraries/model/src/value.rs
FN:37,<impl Display for Value>::fmt
FNF:1
FNDA:14,<impl Display for Value>::fmt
DA:37,14
DA:38,9
DA:39,1
DA:40,1
DA:41,1
DA:42,1
DA:43,2
DA:44,2
DA:45,1
DA:46,1
DA:47,1
DA:48,1
DA:49,1
DA:50,1
DA:51,1
DA:52,1
DA:53,1
DA:54,1
DA:55,14
DA:56,1
DA:57,1
DA:59,4
DA:60,3
DA:62,1
DA:63,4
DA:64,3
DA:66,1
DA:67,1
DA:70,3
DA:72,3
DA:74,1
LF:31
LH:31
end_of_record
TN:
SF:/home/freiheit/git/ciao.systems/rite/libraries/model/src/xml/config.rs
FN:36,ConfigItem::new
FN:43,Configuration::new
FN:54,Configuration::with_xml
FN:63,Configuration::get
FN:74,Configuration::get_result
FN:81,Configuration::get_list
FN:92,Configuration::get_bool
FN:101,Configuration::len
FN:109,Configuration::as_vec_ref
FN:115,Configuration::insert
FN:130,Configuration::insert_str
FN:140,get_config_value
FNF:12
FNDA:28,ConfigItem::new
FNDA:32,Configuration::new
FNDA:1,Configuration::with_xml
FNDA:25,Configuration::get
FNDA:4,Configuration::get_result
FNDA:3,Configuration::get_list
FNDA:5,Configuration::get_bool
FNDA:1,Configuration::len
FNDA:0,Configuration::as_vec_ref
FNDA:36,Configuration::insert
FNDA:24,Configuration::insert_str
FNDA:7,get_config_value
DA:36,28
DA:43,32
DA:46,75
DA:54,1
DA:56,1
DA:57,2
DA:63,25
DA:64,24
DA:65,23
DA:67,47
DA:68,43
DA:69,0
DA:74,4
DA:75,12
DA:77,8
DA:81,3
DA:82,3
DA:83,4
DA:84,8
DA:85,8
DA:86,0
DA:88,8
DA:92,5
DA:93,16
DA:94,2
DA:95,2
DA:96,2
DA:101,1
DA:102,1
DA:103,1
DA:104,0
DA:109,0
DA:110,0
DA:115,36
DA:116,28
DA:118,109
DA:120,2
DA:123,78
DA:130,24
DA:131,20
DA:140,7
DA:144,7
DA:146,16
DA:147,20
LF:44
LH:39
end_of_record
TN:
SF:/home/freiheit/git/ciao.systems/rite/libraries/model/src/xml/file/substitute.rs
FN:18,VariablesAndEnv::from
FN:29,<impl VariableMap for VariablesAndEnv>::get
FN:45,substitute_with_env
FN:59,replace_env_variables
FNF:4
FNDA:5,VariablesAndEnv::from
FNDA:3,<impl VariableMap for VariablesAndEnv>::get
FNDA:4,substitute_with_env
FNDA:4,replace_env_variables
DA:18,5
DA:20,5
DA:29,3
DA:30,3
DA:31,1
DA:34,3
DA:45,4
DA:47,5
DA:48,4
DA:49,4
DA:59,4
DA:63,4
DA:65,8
DA:66,4
DA:68,4
DA:70,20
DA:71,8
DA:72,3
DA:74,6
DA:75,6
DA:77,4
DA:83,4
DA:84,3
DA:91,4
DA:93,4
DA:95,4
DA:96,8
DA:97,8
DA:103,4
LF:29
LH:29
end_of_record
TN:
SF:/home/freiheit/git/ciao.systems/rite/libraries/model/src/xml/file.rs
FN:25,create_rite
FN:55,load_and_substitute_from_env
FNF:2
FNDA:0,create_rite
FNDA:2,load_and_substitute_from_env
DA:25,0
DA:29,0
DA:31,0
DA:32,0
DA:33,0
DA:35,0
DA:55,2
DA:59,2
DA:60,2
DA:61,0
DA:63,2
DA:64,6
DA:67,0
DA:69,6
DA:70,3
LF:15
LH:7
end_of_record
TN:
SF:/home/freiheit/git/ciao.systems/rite/libraries/plugin/src/lib.rs
FN:29,Plugin::new
FN:55,Plugin::create_importer
FN:63,Plugin::create_exporter
FN:71,Plugin::create_transformer
FNF:4
FNDA:1,Plugin::new
FNDA:1,Plugin::create_importer
FNDA:0,Plugin::create_exporter
FNDA:0,Plugin::create_transformer
DA:29,1
DA:31,1
DA:32,3
DA:33,0
DA:34,0
DA:35,0
DA:41,1
DA:42,3
DA:44,0
DA:48,3
DA:49,2
DA:52,1
DA:55,1
DA:59,1
DA:60,1
DA:63,0
DA:67,0
DA:68,0
DA:71,0
DA:75,0
DA:76,0
LF:21
LH:11
end_of_record
